=== 自動更新開始 2026-04-08 09:56 ===
fatal: could not read Username for 'https://github.com': 沒有此一裝置或位址
=== 自動更新開始 2026-04-08 10:15 ===
fatal: could not read Username for 'https://github.com': 沒有此一裝置或位址
=== 自動更新開始 2026-04-08 12:07 ===
git pull failed
fatal: could not read Password for 'https://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@github.com': 沒有此一裝置或位址
=== 自動更新開始 2026-04-08 12:07 ===
天氣: ☀️ 晴天, 發電: 0.8 - 1.0 度
=== 更新完成 2026-04-08 12:07 ===
=== 自動更新開始 2026-04-08 12:11 ===
天氣: ☀️ 晴天, 發電: 0.8 - 1.0 度
=== 更新完成 2026-04-08 12:11 ===
=== 自動更新開始 2026-04-08 12:15 ===
天氣: ☀️ 晴天, 發電: 0.8 - 1.0 度
Fetched current HTML from GitHub
GitHub: OK
R2: OK
Updated at 2026-04-08 12:15
Solar: ☀️ 晴天, 0.8 - 1.0 度
System: Uptime=0天 16時 38分, Memory=2.13 / 11.63GB, CPU=7.6%
=== 更新完成 2026-04-08 12:15 ===
=== 自動更新開始 2026-04-08 13:15 ===
天氣: ☀️ 晴天, 發電: 0.8 - 1.0 度
Traceback (most recent call last):
  File "<stdin>", line 39, in <module>
NameError: name 'SOLAR_WEATHER' is not defined
=== 自動更新開始 2026-04-08 16:00 ===
天氣: 🌤️ 一般, 發電: 0.3 - 0.5 度
Traceback (most recent call last):
  File "<stdin>", line 39, in <module>
NameError: name 'SOLAR_WEATHER' is not defined
=== 自動更新開始 2026-04-08 22:00 ===
天氣: 🌤️ 一般, 發電: 0.3 - 0.5 度
GitHub: OK
R2: OK
Updated at 2026-04-08 22:00
Solar: 🌤️ 一般, 0.3 - 0.5 度
System: Uptime=1天 2時 23分, Memory=3.27 / 11.63GB, CPU=8.7%
=== 更新完成 2026-04-08 22:00 ===
=== 自動更新開始 2026-04-09 00:19 ===
天氣: ☀️ 晴天, 發電: 0.8 - 1.0 度
=== 更新完成 2026-04-09 00:19 ===
=== 自動更新開始 2026-04-09 09:23 ===
天氣: 🌤️ 一般, 發電: 0.3 - 0.5 度
=== 更新完成 2026-04-09 09:23 ===
=== 自動更新開始 2026-04-09 10:00 ===
氣象站: 麥寮 氣溫: 27.7 天氣: 晴 風速: 1.3 m/s 濕度: 76%
天氣: ☀️ 晴天, 發電: 0.8 - 1.0 度
R2: OK
GitHub: OK
Updated at 2026-04-09 10:00
Solar: ☀️ 晴天, 0.8 - 1.0 度
System: Uptime=1天 6時 30分, Memory=3.02/11.63GB, CPU=9.6%
=== 自動更新完成 2026-04-09 10:00 ===
=== 自動更新開始 2026-04-09 10:16 ===
氣象站: 麥寮 氣溫: 27.7 天氣: 晴 風速: 2.2 m/s 濕度: 74%
天氣: ☀️ 晴天, 發電: 0.8 - 1.0 度
=== 自動更新完成 2026-04-09 10:16 ===
=== 自動更新 2026-04-10 12:00:01 ===
Meteo: ?°C, 風速?km/h, 多雲, 效率高
System: uptime=0天 3時 34分, memory=2.38/7.71GB, cpu=3.0%
R2: OK
GitHub: OK
=== 更新完成 ===
