[2026-04-22 09:33:06] Bake 系統狀態頁面...
HTML baked OK (2026-04-22 09:33:07)
R2 OK
[2026-04-22 09:33:09] 完成（僅 R2）
[2026-04-22 10:00:01] Bake 系統狀態頁面...
HTML baked OK (2026-04-22 10:00:04)
R2 OK
[2026-04-22 10:00:05] 完成（僅 R2）
[2026-04-22 11:00:01] Bake 系統狀態頁面...
HTML baked OK (2026-04-22 11:00:13)
R2 OK
[2026-04-22 11:00:14] 完成（僅 R2）
[2026-04-22 12:00:01] Bake 系統狀態頁面...
HTML baked OK (2026-04-22 12:00:11)
R2 OK
[2026-04-22 12:00:12] 完成（僅 R2）
[2026-04-22 13:00:01] Bake 系統狀態頁面...
HTML baked OK (2026-04-22 13:00:03)
R2 OK
[2026-04-22 13:00:04] 完成（僅 R2）
[2026-04-22 14:00:01] Bake 系統狀態頁面...
HTML baked OK (2026-04-22 14:00:05)
R2 OK
[2026-04-22 14:00:06] 完成（僅 R2）
[2026-04-22 14:14:25] Bake 系統狀態頁面...
HTML baked OK (2026-04-22 14:14:26)
R2 OK
[2026-04-22 14:14:27] 完成（僅 R2）
[2026-04-22 15:00:01] Bake 系統狀態頁面...
HTML baked OK (2026-04-22 15:00:06)
R2 OK
[2026-04-22 15:00:07] 完成（僅 R2）
[2026-04-22 16:00:01] Bake 系統狀態頁面...
HTML baked OK (2026-04-22 16:00:04)
R2 OK
[2026-04-22 16:00:05] 完成（僅 R2）
[2026-04-22 16:57:46] Bake 系統狀態頁面...
[2026-04-22 16:57:48] 天氣: 28.2°C
[2026-04-22 16:57:49] 完成（僅 R2）
[2026-04-22 17:00:01] Bake 系統狀態頁面...
[2026-04-22 17:00:01] Bake 系統狀態頁面...
[WARN] Open-Meteo fetch failed, retrying...
[WARN] Open-Meteo fetch failed, retrying...
[2026-04-22 17:00:05] 天氣: ?°C
HTML baked OK (2026-04-22 17:00:05)
R2 OK
[2026-04-22 17:00:06] 完成（僅 R2）
[2026-04-22 17:00:06] 完成（僅 R2）
[2026-04-22 18:00:01] Bake 系統狀態頁面...
[2026-04-22 18:00:01] Bake 系統狀態頁面...
[WARN] Open-Meteo fetch failed, retrying...
[WARN] Open-Meteo fetch failed, retrying...
[2026-04-22 18:00:06] 天氣: ?°C
HTML baked OK (2026-04-22 18:00:06)
R2 OK
[2026-04-22 18:00:07] 完成（僅 R2）
[2026-04-22 18:00:07] 完成（僅 R2）
[2026-04-22 18:16:36] Bake 系統狀態頁面...
[2026-04-22 18:16:37] 天氣: 27.3°C
[2026-04-22 18:16:39] 完成（僅 R2）
[2026-04-22 18:56:03] Bake 系統狀態頁面...
HTML baked OK (2026-04-22 18:56:03)
R2 OK
[2026-04-22 18:56:04] 完成（僅 R2）
[2026-04-22 19:00:01] Bake 系統狀態頁面...
HTML baked OK (2026-04-22 19:00:01)
R2 OK
[2026-04-22 19:00:02] 完成（僅 R2）
[2026-04-22 19:01:57] Bake 系統狀態頁面...
HTML baked OK (2026-04-22 19:01:57)
R2 OK
[2026-04-22 19:01:58] 完成（僅 R2）
[2026-04-22 20:00:01] Bake 系統狀態頁面...
CWA Weather OK: 箔子寮 26.9°C 29.2km/h
HTML baked OK (2026-04-22 20:00:01)
R2 OK
[2026-04-22 20:00:03] 完成（僅 R2）
[2026-04-22 21:00:01] Bake 系統狀態頁面...
CWA Weather OK: 箔子寮 26.9°C 29.5km/h
HTML baked OK (2026-04-22 21:00:01)
R2 OK
[2026-04-22 21:00:06] 完成（僅 R2）
[2026-04-22 22:00:01] Bake 系統狀態頁面...
CWA Weather OK: 箔子寮 26.9°C 29.2km/h
HTML baked OK (2026-04-22 22:00:01)
R2 OK
[2026-04-22 22:00:05] 完成（僅 R2）
[2026-04-22 23:00:01] Bake 系統狀態頁面...
CWA Weather OK: 箔子寮 26.8°C 26.3km/h
HTML baked OK (2026-04-22 23:00:01)
R2 OK
[2026-04-22 23:00:04] 完成（僅 R2）
[2026-04-23 00:00:02] Bake 系統狀態頁面...
CWA Weather OK: 箔子寮 26.5°C 25.2km/h
HTML baked OK (2026-04-23 00:00:02)
R2 OK
[2026-04-23 00:00:06] 完成（僅 R2）
[2026-04-23 01:00:01] Bake 系統狀態頁面...
CWA Weather OK: 箔子寮 26.4°C 24.1km/h
HTML baked OK (2026-04-23 01:00:01)
R2 OK
[2026-04-23 01:00:03] 完成（僅 R2）
[2026-04-23 02:00:01] Bake 系統狀態頁面...
CWA Weather OK: 箔子寮 26.1°C 26.3km/h
HTML baked OK (2026-04-23 02:00:01)
R2 OK
[2026-04-23 02:00:04] 完成（僅 R2）
[2026-04-23 03:00:01] Bake 系統狀態頁面...
CWA Weather OK: 箔子寮 26.4°C 25.2km/h
HTML baked OK (2026-04-23 03:00:01)
R2 OK
[2026-04-23 03:00:05] 完成（僅 R2）
[2026-04-23 04:00:01] Bake 系統狀態頁面...
CWA Weather OK: 箔子寮 26.1°C 25.9km/h
HTML baked OK (2026-04-23 04:00:01)
R2 OK
[2026-04-23 04:00:03] 完成（僅 R2）
[2026-04-23 05:00:01] Bake 系統狀態頁面...
CWA Weather OK: 箔子寮 26.3°C 23.4km/h
HTML baked OK (2026-04-23 05:00:01)
R2 OK
[2026-04-23 05:00:04] 完成（僅 R2）
[2026-04-23 06:00:01] Bake 系統狀態頁面...
CWA Weather OK: 箔子寮 26.3°C 20.9km/h
HTML baked OK (2026-04-23 06:00:02)
R2 OK
[2026-04-23 06:00:06] 完成（僅 R2）
[2026-04-23 07:00:01] Bake 系統狀態頁面...
CWA Weather OK: 箔子寮 25.9°C 12.6km/h
HTML baked OK (2026-04-23 07:00:01)
R2 OK
[2026-04-23 07:00:04] 完成（僅 R2）
[2026-04-23 08:00:01] Bake 系統狀態頁面...
CWA Weather OK: 箔子寮 26.1°C 16.9km/h
HTML baked OK (2026-04-23 08:00:02)
R2 OK
[2026-04-23 08:00:06] 完成（僅 R2）
[2026-04-23 09:00:01] Bake 系統狀態頁面...
CWA Weather OK: 箔子寮 26.9°C 21.2km/h
HTML baked OK (2026-04-23 09:00:01)
R2 OK
[2026-04-23 09:00:06] 完成（僅 R2）
[2026-04-23 10:00:01] Bake 系統狀態頁面...
CWA Weather OK: 箔子寮 27.8°C 23.8km/h
HTML baked OK (2026-04-23 10:00:01)
R2 OK
[2026-04-23 10:00:09] 完成（僅 R2）
[2026-04-23 11:00:01] Bake 系統狀態頁面...
CWA Weather OK: 箔子寮 27.4°C 25.6km/h
HTML baked OK (2026-04-23 11:00:01)
R2 OK
[2026-04-23 11:00:03] 完成（僅 R2）
[2026-04-23 12:00:01] Bake 系統狀態頁面...
CWA Weather OK: 箔子寮 27.5°C 25.6km/h
HTML baked OK (2026-04-23 12:00:01)
R2 OK
[2026-04-23 12:00:12] 完成（僅 R2）
[2026-04-23 13:00:01] Bake 系統狀態頁面...
CWA Weather OK: 箔子寮 28.1°C 24.8km/h
HTML baked OK (2026-04-23 13:00:01)
R2 OK
[2026-04-23 13:00:03] 完成（僅 R2）
[2026-04-23 14:00:01] Bake 系統狀態頁面...
CWA Weather OK: 箔子寮 27.7°C 23.4km/h
HTML baked OK (2026-04-23 14:00:01)
R2 OK
[2026-04-23 14:00:10] 完成（僅 R2）
[2026-04-23 15:00:01] Bake 系統狀態頁面...
CWA Weather OK: 箔子寮 28.0°C 28.8km/h
HTML baked OK (2026-04-23 15:00:01)
R2 OK
[2026-04-23 15:00:13] 完成（僅 R2）
[2026-04-23 16:00:01] Bake 系統狀態頁面...
CWA Weather OK: 箔子寮 28.1°C 25.6km/h
HTML baked OK (2026-04-23 16:00:01)
R2 OK
[2026-04-23 16:00:16] 完成（僅 R2）
[2026-04-23 17:00:01] Bake 系統狀態頁面...
CWA Weather OK: 箔子寮 27.6°C 28.1km/h
HTML baked OK (2026-04-23 17:00:01)
R2 OK
[2026-04-23 17:00:05] 完成（僅 R2）
[2026-04-23 18:00:01] Bake 系統狀態頁面...
CWA Weather OK: 箔子寮 27.4°C 23.0km/h
HTML baked OK (2026-04-23 18:00:01)
R2 OK
[2026-04-23 18:00:07] 完成（僅 R2）
[2026-04-23 19:00:01] Bake 系統狀態頁面...
CWA Weather OK: 箔子寮 27.2°C 21.2km/h
HTML baked OK (2026-04-23 19:00:01)
R2 OK
[2026-04-23 19:00:04] 完成（僅 R2）
[2026-04-23 20:00:01] Bake 系統狀態頁面...
CWA Weather OK: 箔子寮 26.9°C 19.8km/h
HTML baked OK (2026-04-23 20:00:01)
R2 OK
[2026-04-23 20:00:07] 完成（僅 R2）
[2026-04-23 21:00:01] Bake 系統狀態頁面...
CWA Weather OK: 箔子寮 27.0°C 19.1km/h
HTML baked OK (2026-04-23 21:00:01)
R2 OK
[2026-04-23 21:00:05] 完成（僅 R2）
[2026-04-23 22:00:01] Bake 系統狀態頁面...
CWA Weather OK: 箔子寮 27.0°C 17.3km/h
HTML baked OK (2026-04-23 22:00:01)
R2 OK
[2026-04-23 22:00:04] 完成（僅 R2）
[2026-04-23 23:00:01] Bake 系統狀態頁面...
CWA Weather OK: 箔子寮 26.9°C 15.8km/h
HTML baked OK (2026-04-23 23:00:01)
R2 OK
[2026-04-23 23:00:04] 完成（僅 R2）
[2026-04-24 00:00:02] Bake 系統狀態頁面...
CWA Weather OK: 箔子寮 26.8°C 11.9km/h
HTML baked OK (2026-04-24 00:00:02)
R2 OK
[2026-04-24 00:00:09] 完成（僅 R2）
[2026-04-24 01:00:01] Bake 系統狀態頁面...
CWA Weather OK: 箔子寮 26.7°C 14.8km/h
HTML baked OK (2026-04-24 01:00:01)
R2 OK
[2026-04-24 01:00:04] 完成（僅 R2）
[2026-04-24 02:00:01] Bake 系統狀態頁面...
CWA Weather OK: 箔子寮 26.6°C 16.2km/h
HTML baked OK (2026-04-24 02:00:02)
R2 OK
[2026-04-24 02:00:04] 完成（僅 R2）
[2026-04-24 03:00:01] Bake 系統狀態頁面...
CWA Weather OK: 箔子寮 24.5°C 14.8km/h
HTML baked OK (2026-04-24 03:00:01)
R2 OK
[2026-04-24 03:00:05] 完成（僅 R2）
[2026-04-24 04:00:01] Bake 系統狀態頁面...
CWA Weather OK: 箔子寮 24.4°C 5.4km/h
HTML baked OK (2026-04-24 04:00:01)
R2 OK
[2026-04-24 04:00:05] 完成（僅 R2）
[2026-04-24 05:00:01] Bake 系統狀態頁面...
CWA Weather OK: 箔子寮 24.3°C 4.3km/h
HTML baked OK (2026-04-24 05:00:01)
R2 OK
[2026-04-24 05:00:03] 完成（僅 R2）
[2026-04-24 06:00:01] Bake 系統狀態頁面...
CWA Weather OK: 箔子寮 24.6°C 15.8km/h
HTML baked OK (2026-04-24 06:00:01)
R2 OK
[2026-04-24 06:00:06] 完成（僅 R2）
[2026-04-24 07:00:01] Bake 系統狀態頁面...
CWA Weather OK: 箔子寮 24.0°C 9.4km/h
HTML baked OK (2026-04-24 07:00:01)
R2 OK
[2026-04-24 07:00:04] 完成（僅 R2）
[2026-04-24 08:00:01] Bake 系統狀態頁面...
CWA Weather OK: 箔子寮 24.1°C 10.1km/h
HTML baked OK (2026-04-24 08:00:02)
R2 OK
[2026-04-24 08:00:05] 完成（僅 R2）
[2026-04-24 09:00:01] Bake 系統狀態頁面...
CWA Weather OK: 箔子寮 23.8°C 10.1km/h
HTML baked OK (2026-04-24 09:00:01)
R2 OK
[2026-04-24 09:00:06] 完成（僅 R2）
[2026-04-24 10:00:01] Bake 系統狀態頁面...
CWA Weather OK: 箔子寮 23.7°C 16.2km/h
HTML baked OK (2026-04-24 10:00:01)
R2 OK
[2026-04-24 10:00:04] 完成（僅 R2）
[2026-04-24 11:00:01] Bake 系統狀態頁面...
CWA Weather OK: 箔子寮 23.5°C 13.0km/h
HTML baked OK (2026-04-24 11:00:01)
R2 OK
[2026-04-24 11:00:05] 完成（僅 R2）
[2026-04-24 12:00:01] Bake 系統狀態頁面...
CWA Weather OK: 雲林東勢 22.8°C 8.3km/h
HTML baked OK (2026-04-24 12:00:01)
R2 OK
[2026-04-24 12:00:12] 完成（僅 R2）
[2026-04-24 13:00:01] Bake 系統狀態頁面...
CWA Weather OK: 雲林東勢 21.3°C 6.1km/h
HTML baked OK (2026-04-24 13:00:01)
R2 OK
[2026-04-24 13:00:06] 完成（僅 R2）
[2026-04-24 14:00:01] Bake 系統狀態頁面...
CWA Weather OK: 雲林東勢 21.1°C 10.1km/h
HTML baked OK (2026-04-24 14:00:01)
R2 OK
[2026-04-24 14:00:05] 完成（僅 R2）
[2026-04-24 15:00:01] Bake 系統狀態頁面...
CWA Weather OK: 雲林東勢 21.5°C 5.8km/h
HTML baked OK (2026-04-24 15:00:01)
R2 OK
[2026-04-24 15:00:14] 完成（僅 R2）
[2026-04-24 16:00:01] Bake 系統狀態頁面...
CWA Weather OK: 雲林東勢 22.0°C 3.6km/h
HTML baked OK (2026-04-24 16:00:01)
R2 OK
[2026-04-24 16:00:05] 完成（僅 R2）
[2026-04-24 17:00:01] Bake 系統狀態頁面...
CWA Weather OK: 雲林東勢 22.0°C 6.1km/h
HTML baked OK (2026-04-24 17:00:01)
R2 OK
[2026-04-24 17:00:06] 完成（僅 R2）
[2026-04-24 18:00:01] Bake 系統狀態頁面...
CWA fetch failed: The read operation timed out
HTML baked OK (2026-04-24 18:00:01)
R2 OK
[2026-04-24 18:00:22] 完成（僅 R2）
[2026-04-24 19:00:01] Bake 系統狀態頁面...
CWA Weather OK: 雲林東勢 21.6°C 6.1km/h
HTML baked OK (2026-04-24 19:00:01)
R2 OK
[2026-04-24 19:00:06] 完成（僅 R2）
[2026-04-24 20:00:01] Bake 系統狀態頁面...
CWA Weather OK: 雲林東勢 21.6°C 6.1km/h
HTML baked OK (2026-04-24 20:00:01)
R2 OK
[2026-04-24 20:00:04] 完成（僅 R2）
[2026-04-24 21:00:02] Bake 系統狀態頁面...
CWA Weather OK: 雲林東勢 21.6°C 6.1km/h
HTML baked OK (2026-04-24 21:00:02)
R2 OK
[2026-04-24 21:00:07] 完成（僅 R2）
[2026-04-24 22:00:01] Bake 系統狀態頁面...
CWA Weather OK: 雲林東勢 20.8°C 8.6km/h
HTML baked OK (2026-04-24 22:00:01)
R2 OK
[2026-04-24 22:00:04] 完成（僅 R2）
[2026-04-24 23:00:01] Bake 系統狀態頁面...
CWA Weather OK: 雲林東勢 20.7°C 4.7km/h
HTML baked OK (2026-04-24 23:00:01)
R2 OK
[2026-04-24 23:00:04] 完成（僅 R2）
[2026-04-25 00:00:02] Bake 系統狀態頁面...
CWA Weather OK: 雲林東勢 20.4°C 4.0km/h
HTML baked OK (2026-04-25 00:00:02)
R2 OK
[2026-04-25 00:00:05] 完成（僅 R2）
[2026-04-25 01:00:01] Bake 系統狀態頁面...
CWA Weather OK: 雲林東勢 20.5°C 4.7km/h
HTML baked OK (2026-04-25 01:00:01)
R2 OK
[2026-04-25 01:00:05] 完成（僅 R2）
[2026-04-25 02:00:01] Bake 系統狀態頁面...
CWA Weather OK: 雲林東勢 20.4°C 7.6km/h
HTML baked OK (2026-04-25 02:00:01)
R2 OK
[2026-04-25 02:00:05] 完成（僅 R2）
[2026-04-25 03:00:01] Bake 系統狀態頁面...
CWA Weather OK: 雲林東勢 20.2°C 6.1km/h
HTML baked OK (2026-04-25 03:00:01)
R2 OK
[2026-04-25 03:00:06] 完成（僅 R2）
[2026-04-25 04:00:01] Bake 系統狀態頁面...
CWA Weather OK: 雲林東勢 20.7°C 5.0km/h
HTML baked OK (2026-04-25 04:00:02)
R2 OK
[2026-04-25 04:00:04] 完成（僅 R2）
[2026-04-25 05:00:01] Bake 系統狀態頁面...
CWA Weather OK: 雲林東勢 20.9°C 7.2km/h
HTML baked OK (2026-04-25 05:00:01)
R2 OK
[2026-04-25 05:00:04] 完成（僅 R2）
[2026-04-25 06:00:01] Bake 系統狀態頁面...
CWA Weather OK: 雲林東勢 20.4°C 8.3km/h
HTML baked OK (2026-04-25 06:00:01)
R2 OK
[2026-04-25 06:00:08] 完成（僅 R2）
[2026-04-25 07:00:01] Bake 系統狀態頁面...
CWA Weather OK: 雲林東勢 20.1°C 5.4km/h
HTML baked OK (2026-04-25 07:00:01)
R2 OK
[2026-04-25 07:00:05] 完成（僅 R2）
[2026-04-25 08:00:01] Bake 系統狀態頁面...
CWA Weather OK: 雲林東勢 20.6°C 7.6km/h
HTML baked OK (2026-04-25 08:00:01)
R2 OK
[2026-04-25 08:00:05] 完成（僅 R2）
[2026-04-25 09:00:01] Bake 系統狀態頁面...
CWA Weather OK: 雲林東勢 21.6°C 7.6km/h
HTML baked OK (2026-04-25 09:00:01)
R2 OK
[2026-04-25 09:00:09] 完成（僅 R2）
[2026-04-25 10:00:01] Bake 系統狀態頁面...
CWA Weather OK: 雲林東勢 22.2°C 7.2km/h
HTML baked OK (2026-04-25 10:00:01)
R2 OK
[2026-04-25 10:00:06] 完成（僅 R2）
[2026-04-25 11:00:01] Bake 系統狀態頁面...
CWA Weather OK: 雲林東勢 22.8°C 4.0km/h
HTML baked OK (2026-04-25 11:00:02)
R2 OK
[2026-04-25 11:00:11] 完成（僅 R2）
[2026-04-25 12:00:01] Bake 系統狀態頁面...
CWA Weather OK: 雲林東勢 23.4°C 4.7km/h
[SolarModel] UV=5.7 cloud=75% time=0.97 => 21W (17%)
HTML baked OK (2026-04-25 12:00:01)
R2 OK
[2026-04-25 12:00:15] 完成（僅 R2）
[2026-04-25 13:00:01] Bake 系統狀態頁面...
CWA Weather OK: 雲林東勢 24.0°C 5.8km/h
[SolarModel] UV=4.5 cloud=75% time=0.88 => 15W (12%)
HTML baked OK (2026-04-25 13:00:01)
R2 OK
[2026-04-25 13:00:05] 完成（僅 R2）
[2026-04-25 14:00:01] Bake 系統狀態頁面...
CWA Weather OK: 雲林東勢 23.9°C 6.5km/h
[SolarModel] UV=5.3 cloud=75% time=0.72 => 14W (12%)
HTML baked OK (2026-04-25 14:00:01)
R2 OK
[2026-04-25 14:00:05] 完成（僅 R2）
[2026-04-25 15:00:02] Bake 系統狀態頁面...
CWA Weather OK: 雲林東勢 24.5°C 5.0km/h
[SolarModel] UV=2.7 cloud=75% angle=0.93 => 25W (21%)
HTML baked OK (2026-04-25 15:00:02)
R2 OK
[2026-04-25 15:00:21] 完成（僅 R2）
[2026-04-25 16:00:01] Bake 系統狀態頁面...
CWA Weather OK: 雲林東勢 23.9°C 5.0km/h
[SolarModel] UV=2.7 cloud=75% angle=0.91 => 25W (20%)
HTML baked OK (2026-04-25 16:00:01)
R2 OK
[2026-04-25 16:00:09] 完成（僅 R2）
[2026-04-25 17:00:01] Bake 系統狀態頁面...
CWA Weather OK: 雲林東勢 24.3°C 6.8km/h
[SolarModel] UV=1.3 cloud=75% angle=0.89 => 12W (10%)
HTML baked OK (2026-04-25 17:00:01)
R2 OK
[2026-04-25 17:00:10] 完成（僅 R2）
[2026-04-25 18:00:01] Bake 系統狀態頁面...
CWA Weather OK: 雲林東勢 23.8°C 7.6km/h
[SolarModel] UV=0.0 cloud=75% angle=0.87 => 0W (0%)
HTML baked OK (2026-04-25 18:00:01)
R2 OK
[2026-04-25 18:00:19] 完成（僅 R2）
[2026-04-25 22:00:01] Bake 系統狀態頁面...
CWA Weather OK: 雲林東勢 22.6°C 4.3km/h
[SolarModel] UV=0.0 cloud=75% angle=0.00 => 0W (0%)
HTML baked OK (2026-04-25 22:00:01)
R2 OK
[2026-04-25 22:00:07] 完成（僅 R2）
[2026-04-25 23:00:01] Bake 系統狀態頁面...
CWA Weather OK: 雲林東勢 22.4°C 1.1km/h
[SolarModel] UV=0.0 cloud=75% angle=0.00 => 0W (0%)
HTML baked OK (2026-04-25 23:00:02)
R2 OK
[2026-04-25 23:00:06] 完成（僅 R2）
[2026-04-26 00:00:01] Bake 系統狀態頁面...
CWA Weather OK: 雲林東勢 22.3°C 2.9km/h
[SolarModel] UV=0.0 cloud=75% angle=0.00 => 0W (0%)
HTML baked OK (2026-04-26 00:00:01)
R2 OK
[2026-04-26 00:00:10] 完成（僅 R2）
[2026-04-26 01:00:01] Bake 系統狀態頁面...
CWA Weather OK: 雲林東勢 22.1°C 4.3km/h
[SolarModel] UV=0.0 cloud=75% angle=0.00 => 0W (0%)
HTML baked OK (2026-04-26 01:00:02)
R2 OK
[2026-04-26 01:00:05] 完成（僅 R2）
[2026-04-26 02:00:01] Bake 系統狀態頁面...
CWA Weather OK: 雲林東勢 21.8°C 3.6km/h
[SolarModel] UV=0.0 cloud=75% angle=0.00 => 0W (0%)
HTML baked OK (2026-04-26 02:00:01)
R2 OK
[2026-04-26 02:00:06] 完成（僅 R2）
[2026-04-26 03:00:02] Bake 系統狀態頁面...
CWA Weather OK: 雲林東勢 21.5°C 1.8km/h
[SolarModel] UV=0.0 cloud=75% angle=0.00 => 0W (0%)
HTML baked OK (2026-04-26 03:00:02)
R2 OK
[2026-04-26 03:00:07] 完成（僅 R2）
[2026-04-26 04:00:01] Bake 系統狀態頁面...
CWA Weather OK: 雲林東勢 21.3°C 0.0km/h
[SolarModel] UV=0.0 cloud=75% angle=0.00 => 0W (0%)
HTML baked OK (2026-04-26 04:00:01)
R2 OK
[2026-04-26 04:00:05] 完成（僅 R2）
[2026-04-26 05:00:01] Bake 系統狀態頁面...
CWA Weather OK: 雲林東勢 21.2°C 1.4km/h
[SolarModel] UV=0.0 cloud=75% angle=0.00 => 0W (0%)
HTML baked OK (2026-04-26 05:00:01)
R2 OK
[2026-04-26 05:00:05] 完成（僅 R2）
[2026-04-26 06:00:01] Bake 系統狀態頁面...
CWA Weather OK: 雲林東勢 21.0°C 3.6km/h
[SolarModel] UV=0.1 cloud=75% angle=0.86 => 1W (1%)
HTML baked OK (2026-04-26 06:00:01)
R2 OK
[2026-04-26 06:00:07] 完成（僅 R2）
[2026-04-26 07:00:01] Bake 系統狀態頁面...
CWA Weather OK: 雲林東勢 21.0°C 4.7km/h
[SolarModel] UV=0.7 cloud=50% angle=0.88 => 8W (7%)
HTML baked OK (2026-04-26 07:00:01)
R2 OK
[2026-04-26 07:00:05] 完成（僅 R2）
[2026-04-26 08:00:01] Bake 系統狀態頁面...
CWA Weather OK: 雲林東勢 22.0°C 7.6km/h
[SolarModel] UV=2.1 cloud=50% angle=0.90 => 24W (20%)
HTML baked OK (2026-04-26 08:00:01)
R2 OK
[2026-04-26 08:00:10] 完成（僅 R2）
[2026-04-26 09:00:01] Bake 系統狀態頁面...
CWA Weather OK: 雲林東勢 23.4°C 12.6km/h
[SolarModel] UV=2.1 cloud=13% angle=0.92 => 32W (27%)
HTML baked OK (2026-04-26 09:00:01)
R2 OK
[2026-04-26 09:00:09] 完成（僅 R2）
[2026-04-26 10:00:01] Bake 系統狀態頁面...
CWA Weather OK: 雲林東勢 25.2°C 6.1km/h
[SolarModel] UV=7.1 cloud=50% angle=0.94 => 85W (71%)
HTML baked OK (2026-04-26 10:00:01)
R2 OK
[2026-04-26 10:00:07] 完成（僅 R2）
[2026-04-26 11:00:01] Bake 系統狀態頁面...
CWA Weather OK: 雲林東勢 25.6°C 10.8km/h
[SolarModel] UV=9.2 cloud=50% angle=0.95 => 111W (93%)
HTML baked OK (2026-04-26 11:00:01)
R2 OK
[2026-04-26 11:00:05] 完成（僅 R2）
[2026-04-26 12:00:01] Bake 系統狀態頁面...
CWA Weather OK: 雲林東勢 26.0°C 12.2km/h
[SolarModel] UV=10.0 cloud=50% angle=0.96 => 85W (100%)
HTML baked OK (2026-04-26 12:00:01)
R2 OK
[2026-04-26 12:00:08] 完成（僅 R2）
[2026-04-26 13:00:01] Bake 系統狀態頁面...
CWA Weather OK: 雲林東勢 26.3°C 12.2km/h
[SolarModel] UV=9.3 cloud=25% angle=0.96 => 85W (100%)
HTML baked OK (2026-04-26 13:00:01)
R2 OK
[2026-04-26 13:00:07] 完成（僅 R2）
[2026-04-26 14:00:01] Bake 系統狀態頁面...
CWA Weather OK: 雲林東勢 26.9°C 9.0km/h
[SolarModel] UV=7.2 cloud=25% angle=0.94 => 85W (100%)
HTML baked OK (2026-04-26 14:00:01)
R2 OK
[2026-04-26 14:00:07] 完成（僅 R2）
[2026-04-26 15:00:01] Bake 系統狀態頁面...
CWA Weather OK: 雲林東勢 27.5°C 9.7km/h
[SolarModel] UV=4.6 cloud=25% angle=0.93 => 66W (78%)
HTML baked OK (2026-04-26 15:00:01)
R2 OK
[2026-04-26 15:00:16] 完成（僅 R2）
[2026-04-26 16:00:01] Bake 系統狀態頁面...
CWA Weather OK: 雲林東勢 27.7°C 7.2km/h
[SolarModel] UV=2.2 cloud=25% angle=0.91 => 31W (36%)
HTML baked OK (2026-04-26 16:00:01)
R2 OK
[2026-04-26 16:00:06] 完成（僅 R2）
[2026-04-26 17:00:01] Bake 系統狀態頁面...
CWA Weather OK: 雲林東勢 27.3°C 6.5km/h
[SolarModel] UV=2.2 cloud=25% angle=0.89 => 30W (36%)
HTML baked OK (2026-04-26 17:00:01)
R2 OK
[2026-04-26 17:00:05] 完成（僅 R2）
[2026-04-26 18:00:01] Bake 系統狀態頁面...
CWA Weather OK: 雲林東勢 26.5°C 6.5km/h
[SolarModel] UV=0.7 cloud=25% angle=0.87 => 9W (11%)
HTML baked OK (2026-04-26 18:00:01)
R2 OK
[2026-04-26 18:00:15] 完成（僅 R2）
[2026-04-26 19:00:01] Bake 系統狀態頁面...
CWA Weather OK: 雲林東勢 25.3°C 6.5km/h
[SolarModel] UV=0.0 cloud=25% angle=0.00 => 0W (0%)
HTML baked OK (2026-04-26 19:00:01)
R2 OK
[2026-04-26 19:00:05] 完成（僅 R2）
[2026-04-26 20:00:01] Bake 系統狀態頁面...
CWA Weather OK: 雲林東勢 24.1°C 4.0km/h
[SolarModel] UV=0.0 cloud=25% angle=0.00 => 0W (0%)
HTML baked OK (2026-04-26 20:00:01)
R2 OK
[2026-04-26 20:00:05] 完成（僅 R2）
[2026-04-26 21:00:01] Bake 系統狀態頁面...
CWA Weather OK: 雲林東勢 23.8°C 0.0km/h
[SolarModel] UV=0.0 cloud=25% angle=0.00 => 0W (0%)
HTML baked OK (2026-04-26 21:00:01)
R2 OK
[2026-04-26 21:00:10] 完成（僅 R2）
[2026-04-26 23:00:01] Bake 系統狀態頁面...
CWA Weather OK: 雲林東勢 22.6°C 0.0km/h
[SolarModel] UV=0.0 cloud=25% angle=0.00 => 0W (0%)
HTML baked OK (2026-04-26 23:00:01)
R2 OK
[2026-04-26 23:00:05] 完成（僅 R2）
[2026-04-27 00:00:01] Bake 系統狀態頁面...
CWA Weather OK: 雲林東勢 22.2°C 0.0km/h
[SolarModel] UV=0.0 cloud=25% angle=0.00 => 0W (0%)
HTML baked OK (2026-04-27 00:00:01)
R2 OK
[2026-04-27 00:00:08] 完成（僅 R2）
[2026-04-27 01:00:01] Bake 系統狀態頁面...
CWA Weather OK: 雲林東勢 21.8°C 0.0km/h
[SolarModel] UV=0.0 cloud=25% angle=0.00 => 0W (0%)
HTML baked OK (2026-04-27 01:00:01)
R2 OK
[2026-04-27 01:00:04] 完成（僅 R2）
[2026-04-27 02:00:01] Bake 系統狀態頁面...
CWA Weather OK: 雲林東勢 21.8°C 0.0km/h
[SolarModel] UV=0.0 cloud=25% angle=0.00 => 0W (0%)
HTML baked OK (2026-04-27 02:00:01)
R2 OK
[2026-04-27 02:00:05] 完成（僅 R2）
[2026-04-27 03:00:01] Bake 系統狀態頁面...
CWA Weather OK: 雲林東勢 20.9°C 0.0km/h
[SolarModel] UV=0.0 cloud=50% angle=0.00 => 0W (0%)
HTML baked OK (2026-04-27 03:00:01)
R2 OK
[2026-04-27 03:00:06] 完成（僅 R2）
[2026-04-27 04:00:01] Bake 系統狀態頁面...
CWA Weather OK: 雲林東勢 20.6°C 1.8km/h
[SolarModel] UV=0.0 cloud=50% angle=0.00 => 0W (0%)
HTML baked OK (2026-04-27 04:00:01)
R2 OK
[2026-04-27 04:00:05] 完成（僅 R2）
[2026-04-27 05:00:01] Bake 系統狀態頁面...
CWA Weather OK: 雲林東勢 20.0°C 0.0km/h
[SolarModel] UV=0.0 cloud=50% angle=0.00 => 0W (0%)
HTML baked OK (2026-04-27 05:00:01)
R2 OK
[2026-04-27 05:00:05] 完成（僅 R2）
[2026-04-27 06:00:01] Bake 系統狀態頁面...
CWA Weather OK: 雲林東勢 19.9°C 0.0km/h
[SolarModel] UV=0.0 cloud=50% angle=0.86 => 0W (0%)
HTML baked OK (2026-04-27 06:00:01)
R2 OK
[2026-04-27 06:00:07] 完成（僅 R2）
[2026-04-27 07:00:01] Bake 系統狀態頁面...
CWA Weather OK: 雲林東勢 20.3°C 1.1km/h
[SolarModel] UV=0.1 cloud=50% angle=0.88 => 1W (1%)
HTML baked OK (2026-04-27 07:00:02)
R2 OK
[2026-04-27 07:00:07] 完成（僅 R2）
[2026-04-27 08:00:01] Bake 系統狀態頁面...
CWA Weather OK: 雲林東勢 22.2°C 2.5km/h
[SolarModel] UV=2.1 cloud=25% angle=0.90 => 29W (34%)
HTML baked OK (2026-04-27 08:00:01)
R2 OK
[2026-04-27 08:00:08] 完成（僅 R2）
[2026-04-27 09:00:01] Bake 系統狀態頁面...
CWA Weather OK: 雲林東勢 24.5°C 6.5km/h
[SolarModel] UV=2.1 cloud=4% angle=0.92 => 34W (40%)
HTML baked OK (2026-04-27 09:00:01)
R2 OK
[2026-04-27 09:00:10] 完成（僅 R2）
[2026-04-27 10:00:01] Bake 系統狀態頁面...
CWA Weather OK: 雲林東勢 25.9°C 2.9km/h
[SolarModel] UV=6.8 cloud=50% angle=0.94 => 81W (95%)
HTML baked OK (2026-04-27 10:00:01)
R2 OK
[2026-04-27 10:00:07] 完成（僅 R2）
[2026-04-27 11:00:01] Bake 系統狀態頁面...
CWA Weather OK: 雲林東勢 27.5°C 1.4km/h
[SolarModel] UV=8.7 cloud=75% angle=0.95 => 83W (97%)
HTML baked OK (2026-04-27 11:00:01)
R2 OK
[2026-04-27 11:00:05] 完成（僅 R2）
[2026-04-27 12:00:01] Bake 系統狀態頁面...
CWA Weather OK: 雲林東勢 28.4°C 2.9km/h
[SolarModel] UV=8.7 cloud=75% angle=0.96 => 84W (99%)
HTML baked OK (2026-04-27 12:00:01)
R2 OK
[2026-04-27 12:00:12] 完成（僅 R2）
[2026-04-27 13:00:01] Bake 系統狀態頁面...
CWA Weather OK: 雲林東勢 28.5°C 7.6km/h
[SolarModel] UV=9.1 cloud=75% angle=0.96 => 85W (100%)
HTML baked OK (2026-04-27 13:00:02)
R2 OK
[2026-04-27 13:00:06] 完成（僅 R2）
[2026-04-27 14:00:02] Bake 系統狀態頁面...
CWA Weather OK: 雲林東勢 29.2°C 6.5km/h
[SolarModel] UV=7.6 cloud=75% angle=0.94 => 72W (84%)
HTML baked OK (2026-04-27 14:00:02)
R2 OK
[2026-04-27 14:00:06] 完成（僅 R2）
[2026-04-27 15:00:01] Bake 系統狀態頁面...
CWA Weather OK: 雲林東勢 29.7°C 4.7km/h
[SolarModel] UV=6.0 cloud=75% angle=0.93 => 56W (66%)
HTML baked OK (2026-04-27 15:00:01)
R2 OK
[2026-04-27 15:00:12] 完成（僅 R2）
[2026-04-27 16:00:02] Bake 系統狀態頁面...
CWA Weather OK: 雲林東勢 29.4°C 6.8km/h
[SolarModel] UV=1.8 cloud=75% angle=0.91 => 16W (19%)
HTML baked OK (2026-04-27 16:00:02)
R2 OK
[2026-04-27 16:00:09] 完成（僅 R2）
[2026-04-27 17:00:01] Bake 系統狀態頁面...
CWA Weather OK: 雲林東勢 28.4°C 9.7km/h
[SolarModel] UV=0.6 cloud=75% angle=0.89 => 5W (6%)
HTML baked OK (2026-04-27 17:00:01)
R2 OK
[2026-04-27 17:00:08] 完成（僅 R2）
[2026-04-27 18:00:02] Bake 系統狀態頁面...
CWA Weather OK: 雲林東勢 27.3°C 5.4km/h
[SolarModel] UV=0.6 cloud=75% angle=0.87 => 5W (6%)
HTML baked OK (2026-04-27 18:00:02)
R2 OK
[2026-04-27 18:00:19] 完成（僅 R2）
[2026-04-27 19:00:01] Bake 系統狀態頁面...
CWA Weather OK: 雲林東勢 26.0°C 5.8km/h
[SolarModel] UV=0.0 cloud=75% angle=0.00 => 0W (0%)
HTML baked OK (2026-04-27 19:00:01)
R2 OK
[2026-04-27 19:00:08] 完成（僅 R2）
[2026-04-27 20:00:02] Bake 系統狀態頁面...
CWA Weather OK: 雲林東勢 25.1°C 4.3km/h
[SolarModel] UV=0.0 cloud=75% angle=0.00 => 0W (0%)
HTML baked OK (2026-04-27 20:00:02)
R2 OK
[2026-04-27 20:00:08] 完成（僅 R2）
[2026-04-27 21:00:01] Bake 系統狀態頁面...
CWA Weather OK: 雲林東勢 24.4°C 3.2km/h
[SolarModel] UV=0.0 cloud=75% angle=0.00 => 0W (0%)
HTML baked OK (2026-04-27 21:00:01)
R2 OK
[2026-04-27 21:00:15] 完成（僅 R2）
[2026-04-27 22:00:01] Bake 系統狀態頁面...
CWA Weather OK: 雲林東勢 24.0°C 3.6km/h
[SolarModel] UV=0.0 cloud=75% angle=0.00 => 0W (0%)
HTML baked OK (2026-04-27 22:00:01)
R2 OK
[2026-04-27 22:00:06] 完成（僅 R2）
[2026-04-27 23:00:01] Bake 系統狀態頁面...
CWA Weather OK: 雲林東勢 24.4°C 0.0km/h
[SolarModel] UV=0.0 cloud=75% angle=0.00 => 0W (0%)
HTML baked OK (2026-04-27 23:00:01)
R2 OK
[2026-04-27 23:00:07] 完成（僅 R2）
[2026-04-28 00:00:01] Bake 系統狀態頁面...
CWA Weather OK: 雲林東勢 24.2°C 0.0km/h
[SolarModel] UV=0.0 cloud=75% angle=0.00 => 0W (0%)
HTML baked OK (2026-04-28 00:00:02)
R2 OK
[2026-04-28 00:00:09] 完成（僅 R2）
[2026-04-28 01:00:02] Bake 系統狀態頁面...
CWA Weather OK: 雲林東勢 23.4°C 0.0km/h
[SolarModel] UV=0.0 cloud=25% angle=0.00 => 0W (0%)
HTML baked OK (2026-04-28 01:00:02)
R2 OK
[2026-04-28 01:00:06] 完成（僅 R2）
[2026-04-28 02:00:01] Bake 系統狀態頁面...
CWA Weather OK: 雲林東勢 22.3°C 0.0km/h
[SolarModel] UV=0.0 cloud=25% angle=0.00 => 0W (0%)
HTML baked OK (2026-04-28 02:00:01)
R2 OK
[2026-04-28 02:00:05] 完成（僅 R2）
[2026-04-28 03:00:01] Bake 系統狀態頁面...
CWA Weather OK: 雲林東勢 22.5°C 0.0km/h
[SolarModel] UV=0.0 cloud=25% angle=0.00 => 0W (0%)
HTML baked OK (2026-04-28 03:00:01)
R2 OK
[2026-04-28 03:00:10] 完成（僅 R2）
[2026-04-28 04:00:01] Bake 系統狀態頁面...
CWA Weather OK: 雲林東勢 22.3°C 0.0km/h
[SolarModel] UV=0.0 cloud=25% angle=0.00 => 0W (0%)
HTML baked OK (2026-04-28 04:00:02)
R2 OK
[2026-04-28 04:00:06] 完成（僅 R2）
[2026-04-28 05:00:02] Bake 系統狀態頁面...
CWA Weather OK: 雲林東勢 21.8°C 1.1km/h
[SolarModel] UV=0.0 cloud=25% angle=0.00 => 0W (0%)
HTML baked OK (2026-04-28 05:00:02)
R2 OK
[2026-04-28 05:00:06] 完成（僅 R2）
[2026-04-28 06:00:01] Bake 系統狀態頁面...
CWA Weather OK: 雲林東勢 21.6°C 0.0km/h
[SolarModel] UV=0.1 cloud=75% angle=0.86 => 1W (1%)
HTML baked OK (2026-04-28 06:00:02)
R2 OK
[2026-04-28 06:00:08] 完成（僅 R2）
[2026-04-28 07:00:01] Bake 系統狀態頁面...
CWA Weather OK: 雲林東勢 21.7°C 0.0km/h
[SolarModel] UV=0.7 cloud=75% angle=0.88 => 6W (7%)
HTML baked OK (2026-04-28 07:00:01)
R2 OK
[2026-04-28 07:00:07] 完成（僅 R2）
[2026-04-28 08:00:01] Bake 系統狀態頁面...
CWA Weather OK: 雲林東勢 23.5°C 0.0km/h
[SolarModel] UV=0.7 cloud=72% angle=0.90 => 7W (8%)
HTML baked OK (2026-04-28 08:00:01)
R2 OK
[2026-04-28 08:00:07] 完成（僅 R2）
[2026-04-28 09:00:01] Bake 系統狀態頁面...
CWA Weather OK: 雲林東勢 24.6°C 2.9km/h
[SolarModel] UV=2.1 cloud=22% angle=0.92 => 31W (36%)
HTML baked OK (2026-04-28 09:00:01)
R2 OK
[2026-04-28 09:00:10] 完成（僅 R2）
[2026-04-28 10:00:01] Bake 系統狀態頁面...
CWA Weather OK: 雲林東勢 27.1°C 5.8km/h
[SolarModel] UV=4.5 cloud=75% angle=0.94 => 42W (50%)
HTML baked OK (2026-04-28 10:00:01)
R2 OK
[2026-04-28 10:00:11] 完成（僅 R2）
[2026-04-28 11:00:02] Bake 系統狀態頁面...
CWA Weather OK: 雲林東勢 29.1°C 4.3km/h
[SolarModel] UV=9.3 cloud=75% angle=0.95 => 85W (100%)
HTML baked OK (2026-04-28 11:00:02)
R2 OK
[2026-04-28 11:00:06] 完成（僅 R2）
[2026-04-28 12:00:01] Bake 系統狀態頁面...
CWA Weather OK: 雲林東勢 29.7°C 5.0km/h
[SolarModel] UV=9.8 cloud=75% angle=0.96 => 85W (100%)
HTML baked OK (2026-04-28 12:00:02)
R2 OK
[2026-04-28 12:00:15] 完成（僅 R2）
[2026-04-28 13:00:01] Bake 系統狀態頁面...
CWA Weather OK: 雲林東勢 30.0°C 6.5km/h
[SolarModel] UV=9.8 cloud=75% angle=0.96 => 85W (100%)
HTML baked OK (2026-04-28 13:00:01)
R2 OK
[2026-04-28 13:00:09] 完成（僅 R2）
[2026-04-28 14:00:01] Bake 系統狀態頁面...
CWA Weather OK: 雲林東勢 29.0°C 8.3km/h
[SolarModel] UV=7.0 cloud=75% angle=0.94 => 66W (78%)
HTML baked OK (2026-04-28 14:00:01)
R2 OK
[2026-04-28 14:00:13] 完成（僅 R2）
[2026-04-28 15:00:01] Bake 系統狀態頁面...
CWA Weather OK: 雲林東勢 28.9°C 6.5km/h
[SolarModel] UV=7.0 cloud=75% angle=0.93 => 65W (76%)
HTML baked OK (2026-04-28 15:00:01)
R2 OK
[2026-04-28 15:00:11] 完成（僅 R2）
[2026-04-28 16:00:01] Bake 系統狀態頁面...
CWA Weather OK: 雲林東勢 28.9°C 6.8km/h
[SolarModel] UV=2.1 cloud=75% angle=0.91 => 19W (23%)
HTML baked OK (2026-04-28 16:00:01)
R2 OK
[2026-04-28 16:00:08] 完成（僅 R2）
[2026-04-28 17:00:01] Bake 系統狀態頁面...
CWA Weather OK: 雲林東勢 29.1°C 4.7km/h
[SolarModel] UV=2.1 cloud=50% angle=0.89 => 24W (28%)
HTML baked OK (2026-04-28 17:00:01)
R2 OK
[2026-04-28 17:00:06] 完成（僅 R2）
[2026-04-28 18:00:01] Bake 系統狀態頁面...
CWA Weather OK: 雲林東勢 29.0°C 2.5km/h
[SolarModel] UV=0.7 cloud=50% angle=0.87 => 8W (9%)
HTML baked OK (2026-04-28 18:00:01)
R2 OK
[2026-04-28 18:00:18] 完成（僅 R2）
[2026-04-28 19:00:01] Bake 系統狀態頁面...
CWA Weather OK: 雲林東勢 28.0°C 3.6km/h
[SolarModel] UV=0.0 cloud=50% angle=0.00 => 0W (0%)
HTML baked OK (2026-04-28 19:00:01)
R2 OK
[2026-04-28 19:00:04] 完成（僅 R2）
[2026-04-28 20:00:01] Bake 系統狀態頁面...
CWA Weather OK: 雲林東勢 26.7°C 1.8km/h
[SolarModel] UV=0.0 cloud=50% angle=0.00 => 0W (0%)
HTML baked OK (2026-04-28 20:00:01)
R2 OK
[2026-04-28 20:00:04] 完成（僅 R2）
[2026-04-28 21:00:01] Bake 系統狀態頁面...
CWA Weather OK: 雲林東勢 25.8°C 3.6km/h
[SolarModel] UV=0.0 cloud=50% angle=0.00 => 0W (0%)
HTML baked OK (2026-04-28 21:00:01)
R2 OK
[2026-04-28 21:00:10] 完成（僅 R2）
[2026-04-28 22:00:01] Bake 系統狀態頁面...
CWA Weather OK: 雲林東勢 25.7°C 2.2km/h
[SolarModel] UV=0.0 cloud=50% angle=0.00 => 0W (0%)
HTML baked OK (2026-04-28 22:00:01)
R2 OK
[2026-04-28 22:00:05] 完成（僅 R2）
[2026-04-28 23:00:01] Bake 系統狀態頁面...
CWA Weather OK: 雲林東勢 24.9°C 6.5km/h
[SolarModel] UV=0.0 cloud=50% angle=0.00 => 0W (0%)
HTML baked OK (2026-04-28 23:00:01)
R2 OK
[2026-04-28 23:00:12] 完成（僅 R2）
[2026-04-29 00:00:02] Bake 系統狀態頁面...
CWA Weather OK: 雲林東勢 24.7°C 2.5km/h
[SolarModel] UV=0.0 cloud=50% angle=0.00 => 0W (0%)
HTML baked OK (2026-04-29 00:00:02)
R2 OK
[2026-04-29 00:00:06] 完成（僅 R2）
[2026-04-29 01:00:01] Bake 系統狀態頁面...
CWA Weather OK: 雲林東勢 24.9°C 2.5km/h
[SolarModel] UV=0.0 cloud=50% angle=0.00 => 0W (0%)
HTML baked OK (2026-04-29 01:00:01)
R2 OK
[2026-04-29 01:00:05] 完成（僅 R2）
[2026-04-29 02:00:02] Bake 系統狀態頁面...
CWA Weather OK: 雲林東勢 24.9°C 1.8km/h
[SolarModel] UV=0.0 cloud=50% angle=0.00 => 0W (0%)
HTML baked OK (2026-04-29 02:00:02)
R2 OK
[2026-04-29 02:00:06] 完成（僅 R2）
[2026-04-29 03:00:01] Bake 系統狀態頁面...
CWA Weather OK: 雲林東勢 24.4°C 1.4km/h
[SolarModel] UV=0.0 cloud=50% angle=0.00 => 0W (0%)
HTML baked OK (2026-04-29 03:00:01)
R2 OK
[2026-04-29 03:00:07] 完成（僅 R2）
[2026-04-29 04:00:01] Bake 系統狀態頁面...
CWA Weather OK: 雲林東勢 23.8°C 1.8km/h
[SolarModel] UV=0.0 cloud=50% angle=0.00 => 0W (0%)
HTML baked OK (2026-04-29 04:00:01)
R2 OK
[2026-04-29 04:00:04] 完成（僅 R2）
[2026-04-29 05:00:01] Bake 系統狀態頁面...
CWA Weather OK: 雲林東勢 23.0°C 1.1km/h
[SolarModel] UV=0.0 cloud=50% angle=0.00 => 0W (0%)
HTML baked OK (2026-04-29 05:00:01)
R2 OK
[2026-04-29 05:00:05] 完成（僅 R2）
[2026-04-29 06:00:01] Bake 系統狀態頁面...
CWA Weather OK: 雲林東勢 23.3°C 0.0km/h
[SolarModel] UV=0.0 cloud=50% angle=0.86 => 0W (0%)
HTML baked OK (2026-04-29 06:00:01)
R2 OK
[2026-04-29 06:00:08] 完成（僅 R2）
[2026-04-29 07:00:01] Bake 系統狀態頁面...
CWA Weather OK: 雲林東勢 23.1°C 0.0km/h
[SolarModel] UV=0.5 cloud=75% angle=0.88 => 4W (5%)
HTML baked OK (2026-04-29 07:00:01)
R2 OK
[2026-04-29 07:00:05] 完成（僅 R2）
[2026-04-29 08:00:01] Bake 系統狀態頁面...
CWA Weather OK: 雲林東勢 25.1°C 0.0km/h
[SolarModel] UV=2.0 cloud=75% angle=0.90 => 18W (21%)
HTML baked OK (2026-04-29 08:00:01)
R2 OK
[2026-04-29 08:00:06] 完成（僅 R2）
[2026-04-29 09:00:01] Bake 系統狀態頁面...
CWA Weather OK: 雲林東勢 27.3°C 0.0km/h
[SolarModel] UV=2.5 cloud=19% angle=0.92 => 37W (44%)
HTML baked OK (2026-04-29 09:00:01)
R2 OK
[2026-04-29 09:00:07] 完成（僅 R2）
[2026-04-29 10:00:01] Bake 系統狀態頁面...
CWA Weather OK: 雲林東勢 29.2°C 0.0km/h
[SolarModel] UV=7.1 cloud=75% angle=0.94 => 67W (78%)
HTML baked OK (2026-04-29 10:00:01)
R2 OK
[2026-04-29 10:00:04] 完成（僅 R2）
[2026-04-29 11:00:01] Bake 系統狀態頁面...
CWA Weather OK: 雲林東勢 29.6°C 5.0km/h
[SolarModel] UV=9.4 cloud=75% angle=0.95 => 85W (100%)
HTML baked OK (2026-04-29 11:00:01)
R2 OK
[2026-04-29 11:00:06] 完成（僅 R2）
[2026-04-29 12:00:01] Bake 系統狀態頁面...
CWA Weather OK: 雲林東勢 29.1°C 3.6km/h
[SolarModel] UV=10.2 cloud=75% angle=0.96 => 85W (100%)
HTML baked OK (2026-04-29 12:00:01)
R2 OK
[2026-04-29 12:00:19] 完成（僅 R2）
[2026-04-29 13:00:01] Bake 系統狀態頁面...
CWA Weather OK: 雲林東勢 31.2°C 5.8km/h
[SolarModel] UV=10.2 cloud=75% angle=0.96 => 85W (100%)
HTML baked OK (2026-04-29 13:00:01)
R2 OK
[2026-04-29 13:00:06] 完成（僅 R2）
[2026-04-29 14:00:01] Bake 系統狀態頁面...
CWA Weather OK: 雲林東勢 32.4°C 19.4km/h
[SolarModel] UV=7.2 cloud=75% angle=0.94 => 68W (80%)
HTML baked OK (2026-04-29 14:00:01)
R2 OK
[2026-04-29 14:00:05] 完成（僅 R2）
[2026-04-29 15:00:01] Bake 系統狀態頁面...
CWA Weather OK: 雲林東勢 31.4°C 19.8km/h
[SolarModel] UV=4.6 cloud=75% angle=0.93 => 43W (50%)
HTML baked OK (2026-04-29 15:00:01)
R2 OK
[2026-04-29 15:00:16] 完成（僅 R2）
[2026-04-29 16:00:01] Bake 系統狀態頁面...
CWA Weather OK: 雲林東勢 29.8°C 22.3km/h
[SolarModel] UV=2.1 cloud=75% angle=0.91 => 19W (23%)
HTML baked OK (2026-04-29 16:00:01)
R2 OK
[2026-04-29 16:00:06] 完成（僅 R2）
[2026-04-29 17:00:01] Bake 系統狀態頁面...
CWA Weather OK: 雲林東勢 29.6°C 16.6km/h
[SolarModel] UV=0.7 cloud=75% angle=0.89 => 6W (7%)
HTML baked OK (2026-04-29 17:00:01)
R2 OK
[2026-04-29 17:00:04] 完成（僅 R2）
[2026-04-29 18:00:01] Bake 系統狀態頁面...
CWA Weather OK: 雲林東勢 29.4°C 11.9km/h
[SolarModel] UV=0.7 cloud=75% angle=0.87 => 6W (7%)
HTML baked OK (2026-04-29 18:00:01)
R2 OK
[2026-04-29 18:00:15] 完成（僅 R2）
[2026-04-29 19:00:01] Bake 系統狀態頁面...
CWA Weather OK: 雲林東勢 28.2°C 15.1km/h
[SolarModel] UV=0.1 cloud=75% angle=0.00 => 0W (0%)
HTML baked OK (2026-04-29 19:00:01)
R2 OK
[2026-04-29 19:00:06] 完成（僅 R2）
[2026-04-29 20:00:01] Bake 系統狀態頁面...
CWA Weather OK: 雲林東勢 27.7°C 14.0km/h
[SolarModel] UV=0.0 cloud=75% angle=0.00 => 0W (0%)
HTML baked OK (2026-04-29 20:00:01)
R2 OK
[2026-04-29 20:00:04] 完成（僅 R2）
[2026-04-29 21:00:01] Bake 系統狀態頁面...
CWA Weather OK: 雲林東勢 27.5°C 13.3km/h
[SolarModel] UV=0.0 cloud=75% angle=0.00 => 0W (0%)
HTML baked OK (2026-04-29 21:00:02)
R2 OK
[2026-04-29 21:00:10] 完成（僅 R2）
[2026-04-29 22:00:01] Bake 系統狀態頁面...
CWA Weather OK: 雲林東勢 27.4°C 5.0km/h
[SolarModel] UV=0.0 cloud=75% angle=0.00 => 0W (0%)
HTML baked OK (2026-04-29 22:00:01)
R2 OK
[2026-04-29 22:00:04] 完成（僅 R2）
[2026-04-29 23:00:01] Bake 系統狀態頁面...
CWA Weather OK: 雲林東勢 25.5°C 5.8km/h
[SolarModel] UV=0.0 cloud=75% angle=0.00 => 0W (0%)
HTML baked OK (2026-04-29 23:00:01)
R2 OK
[2026-04-29 23:00:05] 完成（僅 R2）
[2026-04-30 00:00:01] Bake 系統狀態頁面...
CWA Weather OK: 雲林東勢 24.7°C 6.5km/h
[SolarModel] UV=0.0 cloud=75% angle=0.00 => 0W (0%)
HTML baked OK (2026-04-30 00:00:01)
R2 OK
[2026-04-30 00:00:07] 完成（僅 R2）
[2026-04-30 01:00:01] Bake 系統狀態頁面...
CWA Weather OK: 雲林東勢 23.4°C 12.2km/h
[SolarModel] UV=0.0 cloud=75% angle=0.00 => 0W (0%)
HTML baked OK (2026-04-30 01:00:01)
R2 OK
[2026-04-30 01:00:06] 完成（僅 R2）
[2026-04-30 02:00:01] Bake 系統狀態頁面...
CWA Weather OK: 雲林東勢 22.8°C 7.9km/h
[SolarModel] UV=0.0 cloud=75% angle=0.00 => 0W (0%)
HTML baked OK (2026-04-30 02:00:01)
R2 OK
[2026-04-30 02:00:06] 完成（僅 R2）
[2026-04-30 03:00:01] Bake 系統狀態頁面...
CWA Weather OK: 雲林東勢 22.7°C 4.0km/h
[SolarModel] UV=0.0 cloud=75% angle=0.00 => 0W (0%)
HTML baked OK (2026-04-30 03:00:01)
R2 OK
[2026-04-30 03:00:05] 完成（僅 R2）
[2026-04-30 04:00:01] Bake 系統狀態頁面...
CWA Weather OK: 雲林東勢 22.5°C 10.1km/h
[SolarModel] UV=0.0 cloud=75% angle=0.00 => 0W (0%)
HTML baked OK (2026-04-30 04:00:01)
R2 OK
[2026-04-30 04:00:05] 完成（僅 R2）
[2026-04-30 05:00:01] Bake 系統狀態頁面...
CWA Weather OK: 雲林東勢 21.9°C 11.2km/h
[SolarModel] UV=0.0 cloud=75% angle=0.00 => 0W (0%)
HTML baked OK (2026-04-30 05:00:01)
R2 OK
[2026-04-30 05:00:04] 完成（僅 R2）
[2026-04-30 06:00:01] Bake 系統狀態頁面...
CWA Weather OK: 雲林東勢 21.8°C 8.3km/h
[SolarModel] UV=0.1 cloud=75% angle=0.86 => 1W (1%)
HTML baked OK (2026-04-30 06:00:01)
R2 OK
[2026-04-30 06:00:06] 完成（僅 R2）
[2026-04-30 07:00:02] Bake 系統狀態頁面...
CWA Weather OK: 雲林東勢 21.5°C 8.6km/h
[SolarModel] UV=0.6 cloud=75% angle=0.88 => 5W (6%)
HTML baked OK (2026-04-30 07:00:02)
R2 OK
[2026-04-30 07:00:05] 完成（僅 R2）
[2026-04-30 08:00:01] Bake 系統狀態頁面...
CWA Weather OK: 雲林東勢 21.7°C 10.4km/h
[SolarModel] UV=0.6 cloud=75% angle=0.90 => 5W (6%)
HTML baked OK (2026-04-30 08:00:01)
R2 OK
[2026-04-30 08:00:05] 完成（僅 R2）
[2026-04-30 09:00:01] Bake 系統狀態頁面...
CWA Weather OK: 雲林東勢 21.9°C 13.3km/h
[SolarModel] UV=1.9 cloud=67% angle=0.92 => 19W (22%)
HTML baked OK (2026-04-30 09:00:01)
R2 OK
[2026-04-30 09:00:08] 完成（僅 R2）
[2026-04-30 10:00:01] Bake 系統狀態頁面...
CWA Weather OK: 雲林東勢 22.1°C 6.8km/h
[SolarModel] UV=3.0 cloud=75% angle=0.94 => 28W (33%)
HTML baked OK (2026-04-30 10:00:02)
R2 OK
[2026-04-30 10:00:07] 完成（僅 R2）
[2026-04-30 11:00:01] Bake 系統狀態頁面...
CWA Weather OK: 雲林東勢 22.3°C 10.1km/h
[SolarModel] UV=7.7 cloud=75% angle=0.95 => 73W (86%)
HTML baked OK (2026-04-30 11:00:01)
R2 OK
[2026-04-30 11:00:05] 完成（僅 R2）
[2026-04-30 12:00:01] Bake 系統狀態頁面...
CWA Weather OK: 雲林東勢 21.2°C 10.4km/h
[SolarModel] UV=8.3 cloud=75% angle=0.96 => 80W (94%)
HTML baked OK (2026-04-30 12:00:01)
R2 OK
[2026-04-30 12:00:13] 完成（僅 R2）
[2026-04-30 13:00:01] Bake 系統狀態頁面...
CWA Weather OK: 雲林東勢 21.6°C 11.2km/h
[SolarModel] UV=7.9 cloud=75% angle=0.96 => 76W (89%)
HTML baked OK (2026-04-30 13:00:01)
R2 OK
[2026-04-30 13:00:05] 完成（僅 R2）
[2026-04-30 14:00:02] Bake 系統狀態頁面...
CWA Weather OK: 雲林東勢 22.3°C 11.9km/h
[SolarModel] UV=7.9 cloud=75% angle=0.94 => 75W (88%)
HTML baked OK (2026-04-30 14:00:02)
R2 OK
[2026-04-30 14:00:08] 完成（僅 R2）
[2026-04-30 15:00:01] Bake 系統狀態頁面...
CWA Weather OK: 雲林東勢 22.8°C 13.3km/h
[SolarModel] UV=3.7 cloud=75% angle=0.93 => 34W (40%)
HTML baked OK (2026-04-30 15:00:01)
R2 OK
[2026-04-30 15:00:15] 完成（僅 R2）
[2026-04-30 16:00:01] Bake 系統狀態頁面...
CWA Weather OK: 雲林東勢 22.8°C 13.3km/h
[SolarModel] UV=1.7 cloud=75% angle=0.91 => 15W (18%)
HTML baked OK (2026-04-30 16:00:01)
R2 OK
[2026-04-30 16:00:06] 完成（僅 R2）
[2026-04-30 17:00:01] Bake 系統狀態頁面...
CWA Weather OK: 雲林東勢 22.6°C 10.1km/h
[SolarModel] UV=1.7 cloud=75% angle=0.89 => 15W (18%)
HTML baked OK (2026-04-30 17:00:01)
R2 OK
[2026-04-30 17:00:06] 完成（僅 R2）
[2026-04-30 18:00:01] Bake 系統狀態頁面...
CWA Weather OK: 雲林東勢 21.4°C 15.1km/h
[SolarModel] UV=0.6 cloud=75% angle=0.87 => 5W (6%)
HTML baked OK (2026-04-30 18:00:01)
R2 OK
[2026-04-30 18:00:15] 完成（僅 R2）
[2026-04-30 19:00:01] Bake 系統狀態頁面...
CWA Weather OK: 雲林東勢 21.4°C 13.0km/h
[SolarModel] UV=0.0 cloud=75% angle=0.00 => 0W (0%)
HTML baked OK (2026-04-30 19:00:01)
R2 OK
[2026-04-30 19:00:06] 完成（僅 R2）
[2026-04-30 20:00:01] Bake 系統狀態頁面...
CWA Weather OK: 雲林東勢 21.1°C 14.0km/h
[SolarModel] Failed: HTTP Error 403: Forbidden
Traceback (most recent call last):
  File "/home/jhe/.openclaw/workspace/scripts/bake-status-page.py", line 118, in <module>
    if not eff_val:
           ^^^^^^^
NameError: name 'eff_val' is not defined
[2026-04-30 21:00:01] Bake 系統狀態頁面...
CWA Weather OK: 雲林東勢 20.9°C 15.1km/h
[SolarModel] UV=0.0 cloud=75% angle=0.00 => 0W (0%)
HTML baked OK (2026-04-30 21:00:01)
Backup saved: openclaw-status/backups/2026-04-30_210005_index.html
R2 OK
[2026-04-30 21:00:06] 完成（僅 R2）
[2026-04-30 22:00:01] Bake 系統狀態頁面...
CWA Weather OK: 雲林東勢 -99°C -99km/h
[SolarModel] UV=0.0 cloud=75% angle=0.00 => 0W (0%)
HTML baked OK (2026-04-30 22:00:01)
Backup saved: openclaw-status/backups/2026-04-30_220005_index.html
R2 OK
[2026-04-30 22:00:06] 完成（僅 R2）
[2026-04-30 23:00:01] Bake 系統狀態頁面...
CWA Weather OK: 雲林東勢 20.4°C 11.9km/h
[SolarModel] UV=0.0 cloud=75% angle=0.00 => 0W (0%)
HTML baked OK (2026-04-30 23:00:01)
Backup saved: openclaw-status/backups/2026-04-30_230004_index.html
R2 OK
[2026-04-30 23:00:05] 完成（僅 R2）
[2026-05-01 00:00:01] Bake 系統狀態頁面...
CWA Weather OK: 雲林東勢 20.4°C 12.6km/h
[SolarModel] UV=0.0 cloud=75% angle=0.00 => 0W (0%)
HTML baked OK (2026-05-01 00:00:01)
Backup saved: openclaw-status/backups/2026-05-01_000007_index.html
R2 OK
[2026-05-01 00:00:08] 完成（僅 R2）
[2026-05-01 01:00:01] Bake 系統狀態頁面...
CWA Weather OK: 雲林東勢 20.4°C 10.8km/h
[SolarModel] UV=0.0 cloud=75% angle=0.00 => 0W (0%)
HTML baked OK (2026-05-01 01:00:01)
Backup saved: openclaw-status/backups/2026-05-01_010004_index.html
R2 OK
[2026-05-01 01:00:04] 完成（僅 R2）
[2026-05-01 02:00:01] Bake 系統狀態頁面...
CWA Weather OK: 雲林東勢 20.3°C 9.7km/h
[SolarModel] UV=0.0 cloud=75% angle=0.00 => 0W (0%)
HTML baked OK (2026-05-01 02:00:01)
Backup saved: openclaw-status/backups/2026-05-01_020005_index.html
R2 OK
[2026-05-01 02:00:06] 完成（僅 R2）
[2026-05-01 03:00:01] Bake 系統狀態頁面...
CWA Weather OK: 雲林東勢 20.7°C 9.7km/h
[SolarModel] UV=0.0 cloud=75% angle=0.00 => 0W (0%)
HTML baked OK (2026-05-01 03:00:01)
Backup saved: openclaw-status/backups/2026-05-01_030005_index.html
R2 OK
[2026-05-01 03:00:06] 完成（僅 R2）
[2026-05-01 04:00:02] Bake 系統狀態頁面...
CWA Weather OK: 雲林東勢 20.7°C 11.2km/h
[SolarModel] UV=0.0 cloud=75% angle=0.00 => 0W (0%)
HTML baked OK (2026-05-01 04:00:02)
Backup saved: openclaw-status/backups/2026-05-01_040004_index.html
R2 OK
[2026-05-01 04:00:05] 完成（僅 R2）
[2026-05-01 05:00:01] Bake 系統狀態頁面...
CWA Weather OK: 雲林東勢 20.9°C 13.7km/h
[SolarModel] UV=0.0 cloud=75% angle=0.00 => 0W (0%)
HTML baked OK (2026-05-01 05:00:02)
Backup saved: openclaw-status/backups/2026-05-01_050005_index.html
R2 OK
[2026-05-01 05:00:06] 完成（僅 R2）
[2026-05-01 06:00:01] Bake 系統狀態頁面...
CWA Weather OK: 雲林東勢 20.6°C 12.6km/h
[SolarModel] UV=0.0 cloud=75% angle=0.86 => 0W (0%)
HTML baked OK (2026-05-01 06:00:02)
Backup saved: openclaw-status/backups/2026-05-01_060009_index.html
R2 OK
[2026-05-01 06:00:09] 完成（僅 R2）
[2026-05-01 07:00:01] Bake 系統狀態頁面...
CWA Weather OK: 雲林東勢 20.1°C 11.5km/h
[SolarModel] UV=0.0 cloud=75% angle=0.88 => 0W (0%)
HTML baked OK (2026-05-01 07:00:01)
Backup saved: openclaw-status/backups/2026-05-01_070005_index.html
R2 OK
[2026-05-01 07:00:06] 完成（僅 R2）
[2026-05-01 08:00:01] Bake 系統狀態頁面...
CWA Weather OK: 雲林東勢 20.4°C 17.3km/h
[SolarModel] UV=0.8 cloud=75% angle=0.90 => 7W (9%)
HTML baked OK (2026-05-01 08:00:01)
Backup saved: openclaw-status/backups/2026-05-01_080008_index.html
R2 OK
[2026-05-01 08:00:09] 完成（僅 R2）
[2026-05-01 09:00:01] Bake 系統狀態頁面...
CWA Weather OK: 雲林東勢 21.4°C 14.4km/h
[SolarModel] UV=0.8 cloud=50% angle=0.92 => 9W (11%)
HTML baked OK (2026-05-01 09:00:02)
Backup saved: openclaw-status/backups/2026-05-01_090008_index.html
R2 OK
[2026-05-01 09:00:09] 完成（僅 R2）
[2026-05-01 10:00:01] Bake 系統狀態頁面...
CWA Weather OK: 雲林東勢 22.7°C 11.5km/h
[SolarModel] UV=4.5 cloud=75% angle=0.94 => 42W (50%)
HTML baked OK (2026-05-01 10:00:01)
Backup saved: openclaw-status/backups/2026-05-01_100005_index.html
R2 OK
[2026-05-01 10:00:06] 完成（僅 R2）
[2026-05-01 11:00:01] Bake 系統狀態頁面...
CWA Weather OK: 雲林東勢 23.7°C 12.6km/h
[SolarModel] UV=8.1 cloud=75% angle=0.95 => 77W (91%)
HTML baked OK (2026-05-01 11:00:01)
Backup saved: openclaw-status/backups/2026-05-01_110004_index.html
R2 OK
[2026-05-01 11:00:05] 完成（僅 R2）
[2026-05-01 12:00:01] Bake 系統狀態頁面...
CWA Weather OK: 雲林東勢 24.9°C 12.2km/h
[SolarModel] UV=9.7 cloud=75% angle=0.96 => 85W (100%)
HTML baked OK (2026-05-01 12:00:01)
Backup saved: openclaw-status/backups/2026-05-01_120019_index.html
R2 OK
[2026-05-01 12:00:20] 完成（僅 R2）
[2026-05-01 13:00:01] Bake 系統狀態頁面...
CWA Weather OK: 雲林東勢 24.8°C 14.0km/h
[SolarModel] UV=9.7 cloud=75% angle=0.96 => 85W (100%)
HTML baked OK (2026-05-01 13:00:01)
Backup saved: openclaw-status/backups/2026-05-01_130005_index.html
R2 OK
[2026-05-01 13:00:06] 完成（僅 R2）
[2026-05-01 14:00:02] Bake 系統狀態頁面...
CWA Weather OK: 雲林東勢 25.7°C 9.4km/h
[SolarModel] UV=4.2 cloud=75% angle=0.94 => 40W (47%)
HTML baked OK (2026-05-01 14:00:02)
Backup saved: openclaw-status/backups/2026-05-01_140005_index.html
R2 OK
[2026-05-01 14:00:07] 完成（僅 R2）
[2026-05-01 15:00:01] Bake 系統狀態頁面...
CWA Weather OK: 雲林東勢 26.0°C 9.7km/h
[SolarModel] UV=2.5 cloud=75% angle=0.93 => 23W (27%)
HTML baked OK (2026-05-01 15:00:01)
Backup saved: openclaw-status/backups/2026-05-01_150012_index.html
R2 OK
[2026-05-01 15:00:13] 完成（僅 R2）
[2026-05-01 16:00:01] Bake 系統狀態頁面...
CWA Weather OK: 雲林東勢 25.5°C 7.2km/h
[SolarModel] UV=2.5 cloud=50% angle=0.91 => 29W (34%)
HTML baked OK (2026-05-01 16:00:01)
Backup saved: openclaw-status/backups/2026-05-01_160004_index.html
R2 OK
[2026-05-01 16:00:06] 完成（僅 R2）
[2026-05-01 17:00:01] Bake 系統狀態頁面...
CWA Weather OK: 雲林東勢 25.3°C 7.9km/h
[SolarModel] UV=1.3 cloud=75% angle=0.89 => 12W (14%)
HTML baked OK (2026-05-01 17:00:01)
Backup saved: openclaw-status/backups/2026-05-01_170004_index.html
R2 OK
[2026-05-01 17:00:05] 完成（僅 R2）
[2026-05-01 18:00:01] Bake 系統狀態頁面...
CWA Weather OK: 雲林東勢 25.0°C 8.3km/h
[SolarModel] UV=0.1 cloud=75% angle=0.87 => 1W (1%)
HTML baked OK (2026-05-01 18:00:01)
Backup saved: openclaw-status/backups/2026-05-01_180014_index.html
R2 OK
[2026-05-01 18:00:15] 完成（僅 R2）
[2026-05-01 19:00:01] Bake 系統狀態頁面...
CWA Weather OK: 雲林東勢 24.3°C 7.6km/h
[SolarModel] UV=0.0 cloud=75% angle=0.00 => 0W (0%)
HTML baked OK (2026-05-01 19:00:01)
Backup saved: openclaw-status/backups/2026-05-01_190005_index.html
R2 OK
[2026-05-01 19:00:06] 完成（僅 R2）
[2026-05-01 20:00:02] Bake 系統狀態頁面...
CWA Weather OK: 雲林東勢 24.0°C 4.7km/h
[SolarModel] UV=0.0 cloud=75% angle=0.00 => 0W (0%)
HTML baked OK (2026-05-01 20:00:02)
Backup saved: openclaw-status/backups/2026-05-01_200005_index.html
R2 OK
[2026-05-01 20:00:06] 完成（僅 R2）
[2026-05-01 21:00:02] Bake 系統狀態頁面...
CWA Weather OK: 雲林東勢 23.8°C 3.2km/h
[SolarModel] UV=0.0 cloud=75% angle=0.00 => 0W (0%)
HTML baked OK (2026-05-01 21:00:02)
Backup saved: openclaw-status/backups/2026-05-01_210012_index.html
R2 OK
[2026-05-01 21:00:13] 完成（僅 R2）
[2026-05-01 22:00:01] Bake 系統狀態頁面...
CWA Weather OK: 雲林東勢 24.1°C 2.2km/h
[SolarModel] UV=0.0 cloud=75% angle=0.00 => 0W (0%)
HTML baked OK (2026-05-01 22:00:02)
Backup saved: openclaw-status/backups/2026-05-01_220005_index.html
R2 OK
[2026-05-01 22:00:06] 完成（僅 R2）
[2026-05-01 23:00:02] Bake 系統狀態頁面...
CWA Weather OK: 雲林東勢 24.0°C 1.8km/h
[SolarModel] UV=0.0 cloud=75% angle=0.00 => 0W (0%)
HTML baked OK (2026-05-01 23:00:02)
Backup saved: openclaw-status/backups/2026-05-01_230005_index.html
R2 OK
[2026-05-01 23:00:06] 完成（僅 R2）
[2026-05-02 00:00:02] Bake 系統狀態頁面...
CWA Weather OK: 雲林東勢 24.0°C 2.5km/h
[SolarModel] UV=0.0 cloud=75% angle=0.00 => 0W (0%)
HTML baked OK (2026-05-02 00:00:02)
Backup saved: openclaw-status/backups/2026-05-02_000008_index.html
R2 OK
[2026-05-02 00:00:09] 完成（僅 R2）
[2026-05-02 01:00:01] Bake 系統狀態頁面...
CWA Weather OK: 雲林東勢 23.9°C 3.2km/h
[SolarModel] UV=0.0 cloud=75% angle=0.00 => 0W (0%)
HTML baked OK (2026-05-02 01:00:01)
Backup saved: openclaw-status/backups/2026-05-02_010004_index.html
R2 OK
[2026-05-02 01:00:05] 完成（僅 R2）
[2026-05-02 02:00:01] Bake 系統狀態頁面...
CWA Weather OK: 雲林東勢 23.5°C 1.1km/h
[SolarModel] UV=0.0 cloud=75% angle=0.00 => 0W (0%)
HTML baked OK (2026-05-02 02:00:01)
Backup saved: openclaw-status/backups/2026-05-02_020005_index.html
R2 OK
[2026-05-02 02:00:06] 完成（僅 R2）
[2026-05-02 03:00:01] Bake 系統狀態頁面...
CWA Weather OK: 雲林東勢 23.6°C 0.0km/h
[SolarModel] UV=0.0 cloud=75% angle=0.00 => 0W (0%)
HTML baked OK (2026-05-02 03:00:01)
Backup saved: openclaw-status/backups/2026-05-02_030004_index.html
R2 OK
[2026-05-02 03:00:05] 完成（僅 R2）
[2026-05-02 04:00:01] Bake 系統狀態頁面...
CWA Weather OK: 雲林東勢 23.6°C 0.0km/h
[SolarModel] UV=0.0 cloud=75% angle=0.00 => 0W (0%)
HTML baked OK (2026-05-02 04:00:01)
Backup saved: openclaw-status/backups/2026-05-02_040005_index.html
R2 OK
[2026-05-02 04:00:06] 完成（僅 R2）
[2026-05-02 05:00:01] Bake 系統狀態頁面...
CWA Weather OK: 雲林東勢 23.2°C 0.7km/h
[SolarModel] UV=0.0 cloud=75% angle=0.00 => 0W (0%)
HTML baked OK (2026-05-02 05:00:02)
Backup saved: openclaw-status/backups/2026-05-02_050005_index.html
R2 OK
[2026-05-02 05:00:05] 完成（僅 R2）
[2026-05-02 06:00:01] Bake 系統狀態頁面...
CWA Weather OK: 雲林東勢 22.7°C 2.2km/h
[SolarModel] UV=0.1 cloud=75% angle=0.86 => 1W (1%)
HTML baked OK (2026-05-02 06:00:01)
Backup saved: openclaw-status/backups/2026-05-02_060009_index.html
R2 OK
[2026-05-02 06:00:10] 完成（僅 R2）
[2026-05-02 07:00:02] Bake 系統狀態頁面...
CWA Weather OK: 雲林東勢 22.6°C 3.2km/h
[SolarModel] UV=0.7 cloud=75% angle=0.88 => 6W (7%)
HTML baked OK (2026-05-02 07:00:02)
Backup saved: openclaw-status/backups/2026-05-02_070006_index.html
R2 OK
[2026-05-02 07:00:07] 完成（僅 R2）
[2026-05-02 08:00:01] Bake 系統狀態頁面...
CWA Weather OK: 雲林東勢 23.2°C 5.4km/h
[SolarModel] UV=2.0 cloud=75% angle=0.90 => 18W (21%)
HTML baked OK (2026-05-02 08:00:01)
Backup saved: openclaw-status/backups/2026-05-02_080006_index.html
R2 OK
[2026-05-02 08:00:07] 完成（僅 R2）
[2026-05-02 09:00:01] Bake 系統狀態頁面...
CWA Weather OK: 雲林東勢 24.3°C 4.7km/h
[SolarModel] UV=2.0 cloud=47% angle=0.92 => 24W (28%)
HTML baked OK (2026-05-02 09:00:01)
Backup saved: openclaw-status/backups/2026-05-02_090008_index.html
R2 OK
[2026-05-02 09:00:09] 完成（僅 R2）
[2026-05-02 10:00:01] Bake 系統狀態頁面...
CWA Weather OK: 雲林東勢 26.0°C 2.5km/h
[SolarModel] UV=6.7 cloud=25% angle=0.94 => 85W (100%)
HTML baked OK (2026-05-02 10:00:01)
Backup saved: openclaw-status/backups/2026-05-02_100009_index.html
R2 OK
[2026-05-02 10:00:10] 完成（僅 R2）
[2026-05-02 11:00:01] Bake 系統狀態頁面...
CWA Weather OK: 雲林東勢 27.4°C 1.1km/h
[SolarModel] UV=8.6 cloud=50% angle=0.95 => 85W (100%)
HTML baked OK (2026-05-02 11:00:01)
Backup saved: openclaw-status/backups/2026-05-02_110006_index.html
R2 OK
[2026-05-02 11:00:06] 完成（僅 R2）
[2026-05-02 12:00:01] Bake 系統狀態頁面...
CWA Weather OK: 雲林東勢 27.6°C 4.3km/h
[SolarModel] UV=9.2 cloud=50% angle=0.96 => 85W (100%)
HTML baked OK (2026-05-02 12:00:02)
Backup saved: openclaw-status/backups/2026-05-02_120018_index.html
R2 OK
[2026-05-02 12:00:19] 完成（僅 R2）
[2026-05-02 13:00:01] Bake 系統狀態頁面...
CWA Weather OK: 雲林東勢 28.7°C 6.1km/h
[SolarModel] UV=8.5 cloud=50% angle=0.96 => 85W (100%)
HTML baked OK (2026-05-02 13:00:01)
Backup saved: openclaw-status/backups/2026-05-02_130005_index.html
R2 OK
[2026-05-02 13:00:06] 完成（僅 R2）
[2026-05-02 14:00:02] Bake 系統狀態頁面...
CWA Weather OK: 雲林東勢 29.1°C 7.6km/h
[SolarModel] UV=6.5 cloud=75% angle=0.94 => 61W (72%)
HTML baked OK (2026-05-02 14:00:02)
Backup saved: openclaw-status/backups/2026-05-02_140005_index.html
R2 OK
[2026-05-02 14:00:06] 完成（僅 R2）
[2026-05-02 15:00:01] Bake 系統狀態頁面...
CWA Weather OK: 雲林東勢 29.5°C 5.4km/h
[SolarModel] UV=3.9 cloud=75% angle=0.93 => 36W (43%)
HTML baked OK (2026-05-02 15:00:01)
Backup saved: openclaw-status/backups/2026-05-02_150012_index.html
R2 OK
[2026-05-02 15:00:12] 完成（僅 R2）
[2026-05-02 16:00:01] Bake 系統狀態頁面...
CWA Weather OK: 雲林東勢 29.4°C 5.8km/h
[SolarModel] UV=3.9 cloud=75% angle=0.91 => 36W (42%)
HTML baked OK (2026-05-02 16:00:01)
Backup saved: openclaw-status/backups/2026-05-02_160004_index.html
R2 OK
[2026-05-02 16:00:05] 完成（僅 R2）
[2026-05-02 17:00:01] Bake 系統狀態頁面...
CWA Weather OK: 雲林東勢 29.9°C 5.0km/h
[SolarModel] UV=1.9 cloud=50% angle=0.89 => 22W (25%)
HTML baked OK (2026-05-02 17:00:01)
Backup saved: openclaw-status/backups/2026-05-02_170005_index.html
R2 OK
[2026-05-02 17:00:06] 完成（僅 R2）
[2026-05-02 19:00:02] Bake 系統狀態頁面...
CWA Weather OK: 雲林東勢 27.2°C 2.9km/h
[SolarModel] UV=0.0 cloud=50% angle=0.00 => 0W (0%)
HTML baked OK (2026-05-02 19:00:02)
Backup saved: openclaw-status/backups/2026-05-02_190013_index.html
R2 OK
[2026-05-02 19:00:14] 完成（僅 R2）
[2026-05-02 20:00:01] Bake 系統狀態頁面...
CWA Weather OK: 雲林東勢 26.3°C 3.2km/h
[SolarModel] UV=0.0 cloud=75% angle=0.00 => 0W (0%)
HTML baked OK (2026-05-02 20:00:01)
Backup saved: openclaw-status/backups/2026-05-02_200005_index.html
R2 OK
[2026-05-02 20:00:06] 完成（僅 R2）
[2026-05-02 21:00:01] Bake 系統狀態頁面...
CWA Weather OK: 雲林東勢 26.0°C 1.8km/h
[SolarModel] UV=0.0 cloud=75% angle=0.00 => 0W (0%)
HTML baked OK (2026-05-02 21:00:01)
Backup saved: openclaw-status/backups/2026-05-02_210010_index.html
R2 OK
[2026-05-02 21:00:11] 完成（僅 R2）
[2026-05-02 22:00:01] Bake 系統狀態頁面...
CWA Weather OK: 雲林東勢 25.8°C 0.7km/h
[SolarModel] UV=0.0 cloud=75% angle=0.00 => 0W (0%)
HTML baked OK (2026-05-02 22:00:01)
Backup saved: openclaw-status/backups/2026-05-02_220005_index.html
R2 OK
[2026-05-02 22:00:06] 完成（僅 R2）
[2026-05-02 23:00:01] Bake 系統狀態頁面...
CWA Weather OK: 雲林東勢 25.0°C 1.8km/h
[SolarModel] UV=0.0 cloud=75% angle=0.00 => 0W (0%)
HTML baked OK (2026-05-02 23:00:01)
Backup saved: openclaw-status/backups/2026-05-02_230005_index.html
R2 OK
[2026-05-02 23:00:06] 完成（僅 R2）
[2026-05-03 00:00:01] Bake 系統狀態頁面...
CWA Weather OK: 雲林東勢 25.2°C 0.0km/h
[SolarModel] UV=0.0 cloud=75% angle=0.00 => 0W (0%)
HTML baked OK (2026-05-03 00:00:02)
Backup saved: openclaw-status/backups/2026-05-03_000011_index.html
R2 OK
[2026-05-03 00:00:13] 完成（僅 R2）
[2026-05-03 01:00:01] Bake 系統狀態頁面...
CWA Weather OK: 雲林東勢 24.5°C 0.0km/h
[SolarModel] UV=0.0 cloud=75% angle=0.00 => 0W (0%)
HTML baked OK (2026-05-03 01:00:01)
Backup saved: openclaw-status/backups/2026-05-03_010005_index.html
R2 OK
[2026-05-03 01:00:07] 完成（僅 R2）
[2026-05-03 02:00:01] Bake 系統狀態頁面...
CWA Weather OK: 雲林東勢 24.6°C 0.0km/h
[SolarModel] UV=0.0 cloud=75% angle=0.00 => 0W (0%)
HTML baked OK (2026-05-03 02:00:02)
Backup saved: openclaw-status/backups/2026-05-03_020006_index.html
R2 OK
[2026-05-03 02:00:07] 完成（僅 R2）
[2026-05-03 03:00:01] Bake 系統狀態頁面...
CWA Weather OK: 雲林東勢 24.8°C 2.9km/h
[SolarModel] UV=0.0 cloud=75% angle=0.00 => 0W (0%)
HTML baked OK (2026-05-03 03:00:01)
Backup saved: openclaw-status/backups/2026-05-03_030007_index.html
R2 OK
[2026-05-03 03:00:08] 完成（僅 R2）
[2026-05-03 04:00:01] Bake 系統狀態頁面...
CWA Weather OK: 雲林東勢 24.6°C 1.4km/h
[SolarModel] UV=0.0 cloud=75% angle=0.00 => 0W (0%)
HTML baked OK (2026-05-03 04:00:01)
Backup saved: openclaw-status/backups/2026-05-03_040006_index.html
R2 OK
[2026-05-03 04:00:07] 完成（僅 R2）
[2026-05-03 05:00:02] Bake 系統狀態頁面...
CWA Weather OK: 雲林東勢 24.5°C 0.0km/h
[SolarModel] UV=0.0 cloud=50% angle=0.00 => 0W (0%)
HTML baked OK (2026-05-03 05:00:02)
Backup saved: openclaw-status/backups/2026-05-03_050005_index.html
R2 OK
[2026-05-03 05:00:05] 完成（僅 R2）
[2026-05-03 06:00:01] Bake 系統狀態頁面...
CWA Weather OK: 雲林東勢 23.6°C 2.9km/h
[SolarModel] UV=0.1 cloud=50% angle=0.86 => 1W (1%)
HTML baked OK (2026-05-03 06:00:01)
Backup saved: openclaw-status/backups/2026-05-03_060009_index.html
R2 OK
[2026-05-03 06:00:10] 完成（僅 R2）
[2026-05-03 07:00:01] Bake 系統狀態頁面...
CWA Weather OK: 雲林東勢 23.8°C 1.8km/h
[SolarModel] UV=0.1 cloud=75% angle=0.88 => 1W (1%)
HTML baked OK (2026-05-03 07:00:01)
Backup saved: openclaw-status/backups/2026-05-03_070004_index.html
R2 OK
[2026-05-03 07:00:05] 完成（僅 R2）
[2026-05-03 08:00:01] Bake 系統狀態頁面...
CWA Weather OK: 雲林東勢 26.2°C 2.2km/h
[SolarModel] UV=1.9 cloud=50% angle=0.90 => 22W (26%)
HTML baked OK (2026-05-03 08:00:01)
Backup saved: openclaw-status/backups/2026-05-03_080007_index.html
R2 OK
[2026-05-03 08:00:08] 完成（僅 R2）
[2026-05-03 09:00:01] Bake 系統狀態頁面...
CWA Weather OK: 雲林東勢 28.6°C 6.8km/h
[SolarModel] UV=1.9 cloud=30% angle=0.92 => 26W (31%)
HTML baked OK (2026-05-03 09:00:01)
Backup saved: openclaw-status/backups/2026-05-03_090010_index.html
R2 OK
[2026-05-03 09:00:10] 完成（僅 R2）
[2026-05-03 10:00:01] Bake 系統狀態頁面...
CWA Weather OK: 雲林東勢 29.7°C 13.0km/h
[SolarModel] UV=6.9 cloud=75% angle=0.94 => 65W (76%)
HTML baked OK (2026-05-03 10:00:01)
Backup saved: openclaw-status/backups/2026-05-03_100005_index.html
R2 OK
[2026-05-03 10:00:06] 完成（僅 R2）
[2026-05-03 11:00:01] Bake 系統狀態頁面...
CWA Weather OK: 雲林東勢 30.6°C 13.3km/h
[SolarModel] UV=9.1 cloud=75% angle=0.95 => 85W (100%)
HTML baked OK (2026-05-03 11:00:01)
Backup saved: openclaw-status/backups/2026-05-03_110007_index.html
R2 OK
[2026-05-03 11:00:08] 完成（僅 R2）
[2026-05-03 12:00:01] Bake 系統狀態頁面...
CWA Weather OK: 雲林東勢 31.2°C 14.8km/h
[SolarModel] UV=9.9 cloud=75% angle=0.96 => 85W (100%)
HTML baked OK (2026-05-03 12:00:01)
Backup saved: openclaw-status/backups/2026-05-03_120017_index.html
R2 OK
[2026-05-03 12:00:18] 完成（僅 R2）
[2026-05-03 13:00:01] Bake 系統狀態頁面...
CWA Weather OK: 雲林東勢 31.2°C 18.4km/h
[SolarModel] UV=9.9 cloud=75% angle=0.96 => 85W (100%)
HTML baked OK (2026-05-03 13:00:01)
Backup saved: openclaw-status/backups/2026-05-03_130006_index.html
R2 OK
[2026-05-03 13:00:07] 完成（僅 R2）
[2026-05-03 14:00:01] Bake 系統狀態頁面...
CWA Weather OK: 雲林東勢 31.3°C 16.9km/h
[SolarModel] UV=9.2 cloud=75% angle=0.94 => 85W (100%)
HTML baked OK (2026-05-03 14:00:02)
Backup saved: openclaw-status/backups/2026-05-03_140006_index.html
R2 OK
[2026-05-03 14:00:06] 完成（僅 R2）
[2026-05-03 15:00:01] Bake 系統狀態頁面...
CWA Weather OK: 雲林東勢 31.2°C 14.4km/h
[SolarModel] UV=4.3 cloud=75% angle=0.93 => 40W (47%)
HTML baked OK (2026-05-03 15:00:01)
Backup saved: openclaw-status/backups/2026-05-03_150012_index.html
R2 OK
[2026-05-03 15:00:13] 完成（僅 R2）
[2026-05-03 16:00:01] Bake 系統狀態頁面...
CWA Weather OK: 雲林東勢 30.3°C 12.2km/h
[SolarModel] UV=4.3 cloud=75% angle=0.91 => 39W (46%)
HTML baked OK (2026-05-03 16:00:01)
Backup saved: openclaw-status/backups/2026-05-03_160005_index.html
R2 OK
[2026-05-03 16:00:06] 完成（僅 R2）
[2026-05-03 17:00:01] Bake 系統狀態頁面...
CWA Weather OK: 雲林東勢 30.5°C 5.4km/h
[SolarModel] UV=1.8 cloud=50% angle=0.89 => 20W (24%)
HTML baked OK (2026-05-03 17:00:01)
Backup saved: openclaw-status/backups/2026-05-03_170006_index.html
R2 OK
[2026-05-03 17:00:07] 完成（僅 R2）
[2026-05-03 18:00:01] Bake 系統狀態頁面...
CWA Weather OK: 雲林東勢 29.4°C 7.6km/h
[SolarModel] UV=0.1 cloud=50% angle=0.87 => 1W (1%)
HTML baked OK (2026-05-03 18:00:01)
Backup saved: openclaw-status/backups/2026-05-03_180018_index.html
R2 OK
[2026-05-03 18:00:19] 完成（僅 R2）
[2026-05-03 19:00:01] Bake 系統狀態頁面...
CWA Weather OK: 雲林東勢 28.3°C 5.0km/h
[SolarModel] UV=0.1 cloud=50% angle=0.00 => 0W (0%)
HTML baked OK (2026-05-03 19:00:01)
Backup saved: openclaw-status/backups/2026-05-03_190006_index.html
R2 OK
[2026-05-03 19:00:07] 完成（僅 R2）
[2026-05-03 20:00:01] Bake 系統狀態頁面...
CWA Weather OK: 雲林東勢 27.7°C 3.2km/h
[SolarModel] UV=0.0 cloud=50% angle=0.00 => 0W (0%)
HTML baked OK (2026-05-03 20:00:01)
Backup saved: openclaw-status/backups/2026-05-03_200007_index.html
R2 OK
[2026-05-03 20:00:08] 完成（僅 R2）
[2026-05-03 21:00:01] Bake 系統狀態頁面...
CWA Weather OK: 雲林東勢 27.1°C 0.0km/h
[SolarModel] UV=0.0 cloud=50% angle=0.00 => 0W (0%)
HTML baked OK (2026-05-03 21:00:01)
Backup saved: openclaw-status/backups/2026-05-03_210014_index.html
R2 OK
[2026-05-03 21:00:15] 完成（僅 R2）
[2026-05-03 22:00:02] Bake 系統狀態頁面...
CWA Weather OK: 雲林東勢 26.9°C 0.7km/h
[SolarModel] UV=0.0 cloud=50% angle=0.00 => 0W (0%)
HTML baked OK (2026-05-03 22:00:02)
Backup saved: openclaw-status/backups/2026-05-03_220006_index.html
R2 OK
[2026-05-03 22:00:07] 完成（僅 R2）
[2026-05-03 23:00:01] Bake 系統狀態頁面...
CWA Weather OK: 雲林東勢 26.7°C 6.8km/h
[SolarModel] UV=0.0 cloud=50% angle=0.00 => 0W (0%)
HTML baked OK (2026-05-03 23:00:01)
Backup saved: openclaw-status/backups/2026-05-03_230007_index.html
R2 OK
[2026-05-03 23:00:08] 完成（僅 R2）
