OK - 2026-04-29 15:35, 29.0°C, Partly cloudy, Wind 22.0km/h
OK - 2026-04-29 16:00, 29.3°C, Partly cloudy, Wind 17.6km/h
OK - 2026-04-29 17:00, 29.0°C, Partly cloudy, Wind 14.8km/h
OK - 2026-04-29 17:29, 29.2°C, Partly cloudy, Wind 14.8km/h
OK - 2026-04-29 18:00, 29.2°C, Partly cloudy, Wind 11.2km/h
OK - 2026-04-29 18:00, 29.2°C, Partly cloudy, Wind 11.2km/h
OK - 2026-04-29 18:59, 28.3°C, Partly cloudy, Wind 11.2km/h
OK - 2026-04-29 19:29, 28.3°C, Partly cloudy, Wind 12.2km/h
OK - 2026-04-29 20:00, 27.0°C, Partly cloudy, Wind 11.9km/h
OK - 2026-04-29 20:29, 27.2°C, Partly cloudy, Wind 11.9km/h
OK - 2026-04-29 21:00, 27.3°C, Partly cloudy, Wind 10.4km/h
OK - 2026-04-29 21:30, 27.2°C, Partly cloudy, Wind 10.4km/h
OK - 2026-04-29 21:30, 27.2°C, Partly cloudy, Wind 10.4km/h
OK - 2026-04-29 22:29, 25.3°C, Partly cloudy, Wind 14.0km/h
OK - 2026-04-29 22:59, 25.2°C, Partly cloudy, Wind 11.5km/h
OK - 2026-04-29 23:29, 24.3°C, Light rain, Wind 7.9km/h
OK - 2026-04-29 23:59, 24.2°C, Light rain, Wind 7.9km/h
OK - 2026-04-30 00:29, 24.2°C, Light rain, Wind 11.9km/h
OK - 2026-04-30 01:00, 24.0°C, Light rain, Wind 11.9km/h
OK - 2026-04-30 01:30, 21.0°C, Light rain, Wind 11.9km/h
OK - 2026-04-30 01:59, 24.4°C, Light rain, Wind 11.9km/h
OK - 2026-04-30 02:30, 24.1°C, Partly cloudy, Wind 11.5km/h
OK - 2026-04-30 03:00, 24.1°C, Partly cloudy, Wind 10.8km/h
OK - 2026-04-30 03:30, 23.3°C, Partly cloudy, Wind 10.8km/h
OK - 2026-04-30 04:00, 23.3°C, Partly cloudy, Wind 11.2km/h
OK - 2026-04-30 04:29, 23.1°C, Light rain, Wind 11.2km/h
OK - 2026-04-30 04:59, 23.4°C, Light rain, Wind 11.2km/h
OK - 2026-04-30 05:30, 23.0°C, Light rain, Wind 12.6km/h
OK - 2026-04-30 06:00, 22.3°C, Light rain, Wind 13.3km/h
OK - 2026-04-30 06:29, 19.4°C, Partly cloudy, Wind 13.3km/h
OK - 2026-04-30 06:59, 22.0°C, Light rain, Wind 13.3km/h
OK - 2026-04-30 07:29, 22.3°C, Light rain, Wind 13.3km/h
OK - 2026-04-30 08:00, 22.1°C, Light rain, Wind 12.2km/h
OK - 2026-04-30 08:29, 22.4°C, Light rain, Wind 12.2km/h
OK - 2026-04-30 08:59, 23.4°C, Patchy rain nearby, Wind 12.2km/h
OK - 2026-04-30 09:30, 23.4°C, Patchy rain nearby, Wind 11.2km/h
OK - 2026-04-30 10:00, 22.0°C, Overcast, Wind 13.0km/h
OK - 2026-04-30 10:30, 22.2°C, Overcast, Wind 13.0km/h
OK - 2026-04-30 11:00, 22.4°C, Overcast, Wind 14.0km/h
OK - 2026-04-30 11:30, 22.4°C, Overcast, Wind 14.0km/h
OK - 2026-04-30 12:00, 22.2°C, Overcast, Wind 13.0km/h
OK - 2026-04-30 12:30, 22.3°C, Overcast, Wind 13.0km/h
OK - 2026-04-30 13:00, 22.2°C, Overcast, Wind 13.7km/h
OK - 2026-04-30 13:30, 22.1°C, Overcast, Wind 13.7km/h
OK - 2026-04-30 14:00, 21.1°C, Light rain, Wind 15.8km/h
OK - 2026-04-30 14:30, 22.1°C, Overcast, Wind 15.8km/h
OK - 2026-04-30 14:30, 22.1°C, Overcast, Wind 15.8km/h
OK - 2026-04-30 15:30, 22.1°C, Partly cloudy, Wind 19.4km/h
OK - 2026-04-30 15:59, 22.4°C, Partly cloudy, Wind 19.4km/h
OK - 2026-04-30 16:30, 22.2°C, Partly cloudy, Wind 17.3km/h
OK - 2026-04-30 16:30, 22.2°C, Partly cloudy, Wind 17.3km/h
OK - 2026-04-30 17:30, 22.2°C, Partly cloudy, Wind 17.3km/h
OK - 2026-04-30 17:59, 22.0°C, Partly cloudy, Wind 17.3km/h
OK - 2026-04-30 17:59, 22.0°C, Partly cloudy, Wind 17.3km/h
OK - 2026-04-30 18:29, 18.3°C, Partly cloudy, Wind 16.9km/h
OK - 2026-04-30 19:29, 18.1°C, Partly cloudy, Wind 18.0km/h
Traceback (most recent call last):
  File "/home/jhe/.openclaw/workspace/scripts/fetch-weather-to-r2.py", line 9, in <module>
    response = urllib.request.urlopen(URL, timeout=15)
               ^^^^^^^^^^^^^^^^^^^^^^^^^^^^^^^^^^^^^^^
  File "/usr/lib/python3.12/urllib/request.py", line 215, in urlopen
    return opener.open(url, data, timeout)
           ^^^^^^^^^^^^^^^^^^^^^^^^^^^^^^^
  File "/usr/lib/python3.12/urllib/request.py", line 521, in open
    response = meth(req, response)
               ^^^^^^^^^^^^^^^^^^^
  File "/usr/lib/python3.12/urllib/request.py", line 630, in http_response
    response = self.parent.error(
               ^^^^^^^^^^^^^^^^^^
  File "/usr/lib/python3.12/urllib/request.py", line 559, in error
    return self._call_chain(*args)
           ^^^^^^^^^^^^^^^^^^^^^^^
  File "/usr/lib/python3.12/urllib/request.py", line 492, in _call_chain
    result = func(*args)
             ^^^^^^^^^^^
  File "/usr/lib/python3.12/urllib/request.py", line 639, in http_error_default
    raise HTTPError(req.full_url, code, msg, hdrs, fp)
urllib.error.HTTPError: HTTP Error 403: Forbidden
